#
# A fatal error has been detected by the Java Runtime Environment:
#
#  SIGSEGV (0xb) at pc=0x0000000116124561, pid=27673, tid=775
#
# JRE version: Java(TM) SE Runtime Environment (8.0_40-b27) (build 1.8.0_40-b27)
# Java VM: Java HotSpot(TM) 64-Bit Server VM (25.40-b25 mixed mode bsd-amd64 compressed oops)
# Problematic frame:
# C  [libglass.dylib+0x15561]  GlassScreenDidChangeScreenParameters+0x21
#
# Failed to write core dump. Core dumps have been disabled. To enable core dumping, try "ulimit -c unlimited" before starting Java again
#
# If you would like to submit a bug report, please visit:
#   http://bugreport.java.com/bugreport/crash.jsp
#

---------------  T H R E A D  ---------------

Current thread is native thread

siginfo: si_signo: 11 (SIGSEGV), si_code: 1 (SEGV_MAPERR), si_addr: 0x0000000000000000

Registers:
RAX=0x0000000116156ac8, RBX=0x0000000000000000, RCX=0x0000000000000103, RDX=0x0000000000012068
RSP=0x00007fff51d19a80, RBP=0x00007fff51d19a90, RSI=0x00007faa9b50b8a0, RDI=0x0000000000000000
R8 =0x0000000000000040, R9 =0x00007fffa8de2040, R10=0xffffffffffffffff, R11=0x0000000000012068
R12=0x0000000000000000, R13=0x00007faa9b73c110, R14=0x00007faa9b72d220, R15=0x0000000000000000
RIP=0x0000000116124561, EFLAGS=0x0000000000010246, ERR=0x0000000000000004
  TRAPNO=0x000000000000000e

Top of Stack: (sp=0x00007fff51d19a80)
0x00007fff51d19a80:   00007faa9b73bfa0 00007faa9b72d220
0x00007fff51d19a90:   00007fff51d19aa0 00007fff8b02959c
0x00007fff51d19aa0:   00007fff51d19b10 00007fff8b02949b
0x00007fff51d19ab0:   000000010df02a00 00007fffa8ddd060
0x00007fff51d19ac0:   00000000c2000000 00007fff8b0294f0
0x00007fff51d19ad0:   00007fffa57bf680 00007faa9b73c110
0x00007fff51d19ae0:   00007faa9b72d220 00007fff51d1a2d8
0x00007fff51d19af0:   00007fff9f7f1b40 00007fff51d19be0
0x00007fff51d19b00:   00007faa9b73c110 00007fff897d9631
0x00007fff51d19b10:   00007fff51d19b50 00007fff8b029202
0x00007fff51d19b20:   00007fff51d1a120 0000000000000000
0x00007fff51d19b30:   00007fff9f7f1b40 00007fff51d19be0
0x00007fff51d19b40:   00007fff51d1a2d8 00007fff897d9631
0x00007fff51d19b50:   00007fff51d1a270 00007fff8afe6903
0x00007fff51d19b60:   00007fff51d19b80 00007fff8afa8b20
0x00007fff51d19b70:   00007faa9b536d70 000000000000000d
0x00007fff51d19b80:   00007faa9b412ae0 00007fffa57c0cb0
0x00007fff51d19b90:   0000000000000000 00007faa9b8f6048
0x00007fff51d19ba0:   00007faa9b412a01 00007faa9b52cea0
0x00007fff51d19bb0:   00007fffa58f2f70 0000000000000000
0x00007fff51d19bc0:   00007faa9b73c150 0000000000000000
0x00007fff51d19bd0:   0000000000000000 00007fffa57ff8a0
0x00007fff51d19be0:   00007fff51d1a120 0000000000000001
0x00007fff51d19bf0:   0000000000000100 00007fffa5800e00
0x00007fff51d19c00:   00007fff51d1a020 0000000000000000
0x00007fff51d19c10:   0000000000000100 00007fff8afe1500
0x00007fff51d19c20:   000000000000000d 00007faa9b536d70
0x00007fff51d19c30:   00007faa9b536d70 00007fffa5800e20
0x00007fff51d19c40:   00007faa9b700320 0000000000000001
0x00007fff51d19c50:   00007fff51d1a2e0 00007fff8afe10c9
0x00007fff51d19c60:   00007fffa58f2c30 00007faa9db2e661
0x00007fff51d19c70:   0000000000000001 0000000000000000 

Instructions: (pc=0x0000000116124561)
0x0000000116124541:   48 89 e5 41 56 53 48 8d 05 72 26 03 00 48 83 38
0x0000000116124551:   00 48 89 fb 75 72 48 8d 05 6a 25 03 00 48 8b 30
0x0000000116124561:   48 8b 03 48 8d 15 74 9a 01 00 48 8d 0d 2e 70 01
0x0000000116124571:   00 48 89 df ff 90 88 03 00 00 48 8d 0d 3e 26 03 

Register to memory mapping:

RAX=0x0000000116156ac8: jScreenClass+0 in /Library/Java/JavaVirtualMachines/jdk1.8.0_40.jdk/Contents/Home/jre/lib/libglass.dylib at 0x000000011610f000
RBX=0x0000000000000000 is an unknown value
RCX=0x0000000000000103 is an unknown value
RDX=0x0000000000012068 is an unknown value
RSP=0x00007fff51d19a80 is an unknown value
RBP=0x00007fff51d19a90 is an unknown value
RSI=0x00007faa9b50b8a0 is a global jni handle
RDI=0x0000000000000000 is an unknown value
R8 =0x0000000000000040 is an unknown value
R9 =0x00007fffa8de2040: __sFX+0x1c0 in /usr/lib/system/libsystem_c.dylib at 0x00007fffa0113000
R10=0xffffffffffffffff is an unknown value
R11=0x0000000000012068 is an unknown value
R12=0x0000000000000000 is an unknown value
R13=0x00007faa9b73c110 is an unknown value
R14=0x00007faa9b72d220 is an unknown value
R15=0x0000000000000000 is an unknown value


Stack: [0x00007fff5151d000,0x00007fff51d1d000],  sp=0x00007fff51d19a80,  free space=8178k
Native frames: (J=compiled Java code, j=interpreted, Vv=VM code, C=native code)
C  [libglass.dylib+0x15561]  GlassScreenDidChangeScreenParameters+0x21
C  [CoreFoundation+0x9d59c]  __CFNOTIFICATIONCENTER_IS_CALLING_OUT_TO_AN_OBSERVER__+0xc
C  [CoreFoundation+0x9d49b]  _CFXRegistrationPost+0x1ab
C  [CoreFoundation+0x9d202]  ___CFXNotificationPost_block_invoke+0x32
C  [CoreFoundation+0x5a903]  -[_CFXNotificationRegistrar find:object:observer:enumerator:]+0x723
C  [CoreFoundation+0x5993c]  _CFXNotificationPost+0x25c
C  [Foundation+0x70e3]  -[NSNotificationCenter postNotificationName:object:userInfo:]+0x42
C  [AppKit+0x3f01c6]  -[NSApplication _reactToScreenInvalidationImmediately:]+0x18f
C  [AppKit+0x3f0003]  __44-[NSApplication _reactToScreenInvalidation:]_block_invoke+0x3b
C  [CoreFoundation+0xa730c]  __CFRUNLOOP_IS_CALLING_OUT_TO_A_BLOCK__+0xc
C  [CoreFoundation+0x88384]  __CFRunLoopDoBlocks+0x164
C  [CoreFoundation+0x87ec6]  __CFRunLoopRun+0x756
C  [CoreFoundation+0x87514]  CFRunLoopRunSpecific+0x1a4
C  [java+0x6490]  CreateExecutionEnvironment+0x367
C  [java+0x221c]  JLI_Launch+0x7a0
C  [java+0x84ed]  main+0x65
C  [java+0x1a74]  start+0x34


---------------  P R O C E S S  ---------------

VM state:at safepoint (normal execution)

VM Mutex/Monitor currently owned by a thread:  ([mutex/lock_event])
[0x00007faa9b502020] Threads_lock - owner thread: 0x00007faa9d025000
[0x00007faa9b502520] Heap_lock - owner thread: 0x00007faa9c2e7800

Heap:
 PSYoungGen      total 18944K, used 16009K [0x00000007aab00000, 0x00000007ac700000, 0x00000007c0000000)
  eden space 16384K, 82% used [0x00000007aab00000,0x00000007ab8225e8,0x00000007abb00000)
  from space 2560K, 100% used [0x00000007abd80000,0x00000007ac000000,0x00000007ac000000)
  to   space 2560K, 0% used [0x00000007abb00000,0x00000007abb00000,0x00000007abd80000)
 ParOldGen       total 34816K, used 6094K [0x0000000780000000, 0x0000000782200000, 0x00000007aab00000)
  object space 34816K, 17% used [0x0000000780000000,0x00000007805f3a60,0x0000000782200000)
 Metaspace       used 25124K, capacity 26442K, committed 26752K, reserved 1073152K
  class space    used 3374K, capacity 3644K, committed 3712K, reserved 1048576K

Card table byte_map: [0x000000010fbc0000,0x000000010fdc1000] byte_map_base: 0x000000010bfc0000

Marking Bits: (ParMarkBitMap*) 0x000000010e8227a0
 Begin Bits: [0x000000010ff17000, 0x0000000110f17000)
 End Bits:   [0x0000000110f17000, 0x0000000111f17000)

Polling page: 0x000000010ef0c000

CodeCache: size=245760Kb used=9771Kb max_used=9781Kb free=235988Kb
 bounds [0x000000011837b000, 0x0000000118d1b000, 0x000000012737b000]
 total_blobs=3971 nmethods=3238 adapters=645
 compilation: enabled

Compilation events (10 events):
Event: 334.259 Thread 0x00007faa9c818000 nmethod 3245 0x0000000118d0bd90 code [0x0000000118d0c080, 0x0000000118d0cb58]
Event: 334.264 Thread 0x00007faa9b837000 3246       3       java.util.concurrent.locks.AbstractQueuedSynchronizer$Node::predecessor (19 bytes)
Event: 334.265 Thread 0x00007faa9b837000 nmethod 3246 0x0000000118cf5950 code [0x0000000118cf5ac0, 0x0000000118cf5d08]
Event: 334.267 Thread 0x00007faa9d02e800 3247       4       java.lang.invoke.MethodType::hashCode (53 bytes)
Event: 334.270 Thread 0x00007faa9d02e800 nmethod 3247 0x0000000118cf5490 code [0x0000000118cf5600, 0x0000000118cf57b8]
Event: 334.273 Thread 0x00007faa9b837000 3248       3       java.util.concurrent.locks.LockSupport::park (23 bytes)
Event: 334.274 Thread 0x00007faa9b837000 nmethod 3248 0x0000000118d0b7d0 code [0x0000000118d0b960, 0x0000000118d0bca8]
Event: 334.276 Thread 0x00007faa9b837000 3249       1       java.util.logging.LogManager::access$500 (5 bytes)
Event: 334.276 Thread 0x00007faa9b837000 nmethod 3249 0x0000000118d0b510 code [0x0000000118d0b660, 0x0000000118d0b750]
Event: 334.276 Thread 0x00007faa9b837000 3250   !   3       java.util.logging.LogManager::ensureLogManagerInitialized (128 bytes)

GC Heap History (10 events):
Event: 2.064 GC heap before
{Heap before GC invocations=1 (full 0):
 PSYoungGen      total 18944K, used 16384K [0x00000007aab00000, 0x00000007ac000000, 0x00000007c0000000)
  eden space 16384K, 100% used [0x00000007aab00000,0x00000007abb00000,0x00000007abb00000)
  from space 2560K, 0% used [0x00000007abd80000,0x00000007abd80000,0x00000007ac000000)
  to   space 2560K, 0% used [0x00000007abb00000,0x00000007abb00000,0x00000007abd80000)
 ParOldGen       total 44032K, used 0K [0x0000000780000000, 0x0000000782b00000, 0x00000007aab00000)
  object space 44032K, 0% used [0x0000000780000000,0x0000000780000000,0x0000000782b00000)
 Metaspace       used 9094K, capacity 9406K, committed 9472K, reserved 1056768K
  class space    used 1103K, capacity 1231K, committed 1280K, reserved 1048576K
Event: 2.073 GC heap after
Heap after GC invocations=1 (full 0):
 PSYoungGen      total 18944K, used 2528K [0x00000007aab00000, 0x00000007ac000000, 0x00000007c0000000)
  eden space 16384K, 0% used [0x00000007aab00000,0x00000007aab00000,0x00000007abb00000)
  from space 2560K, 98% used [0x00000007abb00000,0x00000007abd78050,0x00000007abd80000)
  to   space 2560K, 0% used [0x00000007abd80000,0x00000007abd80000,0x00000007ac000000)
 ParOldGen       total 44032K, used 312K [0x0000000780000000, 0x0000000782b00000, 0x00000007aab00000)
  object space 44032K, 0% used [0x0000000780000000,0x000000078004e000,0x0000000782b00000)
 Metaspace       used 9094K, capacity 9406K, committed 9472K, reserved 1056768K
  class space    used 1103K, capacity 1231K, committed 1280K, reserved 1048576K
}
Event: 3.296 GC heap before
{Heap before GC invocations=2 (full 0):
 PSYoungGen      total 18944K, used 18912K [0x00000007aab00000, 0x00000007ac000000, 0x00000007c0000000)
  eden space 16384K, 100% used [0x00000007aab00000,0x00000007abb00000,0x00000007abb00000)
  from space 2560K, 98% used [0x00000007abb00000,0x00000007abd78050,0x00000007abd80000)
  to   space 2560K, 0% used [0x00000007abd80000,0x00000007abd80000,0x00000007ac000000)
 ParOldGen       total 44032K, used 312K [0x0000000780000000, 0x0000000782b00000, 0x00000007aab00000)
  object space 44032K, 0% used [0x0000000780000000,0x000000078004e000,0x0000000782b00000)
 Metaspace       used 17041K, capacity 17512K, committed 17664K, reserved 1064960K
  class space    used 2123K, capacity 2265K, committed 2304K, reserved 1048576K
Event: 3.307 GC heap after
Heap after GC invocations=2 (full 0):
 PSYoungGen      total 18944K, used 2544K [0x00000007aab00000, 0x00000007ac000000, 0x00000007c0000000)
  eden space 16384K, 0% used [0x00000007aab00000,0x00000007aab00000,0x00000007abb00000)
  from space 2560K, 99% used [0x00000007abd80000,0x00000007abffc030,0x00000007ac000000)
  to   space 2560K, 0% used [0x00000007abb00000,0x00000007abb00000,0x00000007abd80000)
 ParOldGen       total 44032K, used 3742K [0x0000000780000000, 0x0000000782b00000, 0x00000007aab00000)
  object space 44032K, 8% used [0x0000000780000000,0x00000007803a7990,0x0000000782b00000)
 Metaspace       used 17041K, capacity 17512K, committed 17664K, reserved 1064960K
  class space    used 2123K, capacity 2265K, committed 2304K, reserved 1048576K
}
Event: 3.827 GC heap before
{Heap before GC invocations=3 (full 0):
 PSYoungGen      total 18944K, used 12178K [0x00000007aab00000, 0x00000007ac000000, 0x00000007c0000000)
  eden space 16384K, 58% used [0x00000007aab00000,0x00000007ab4689c8,0x00000007abb00000)
  from space 2560K, 99% used [0x00000007abd80000,0x00000007abffc030,0x00000007ac000000)
  to   space 2560K, 0% used [0x00000007abb00000,0x00000007abb00000,0x00000007abd80000)
 ParOldGen       total 44032K, used 3742K [0x0000000780000000, 0x0000000782b00000, 0x00000007aab00000)
  object space 44032K, 8% used [0x0000000780000000,0x00000007803a7990,0x0000000782b00000)
 Metaspace       used 20595K, capacity 21284K, committed 21296K, reserved 1067008K
  class space    used 2748K, capacity 2935K, committed 2944K, reserved 1048576K
Event: 3.833 GC heap after
Heap after GC invocations=3 (full 0):
 PSYoungGen      total 18944K, used 2528K [0x00000007aab00000, 0x00000007ac000000, 0x00000007c0000000)
  eden space 16384K, 0% used [0x00000007aab00000,0x00000007aab00000,0x00000007abb00000)
  from space 2560K, 98% used [0x00000007abb00000,0x00000007abd78020,0x00000007abd80000)
  to   space 2560K, 0% used [0x00000007abd80000,0x00000007abd80000,0x00000007ac000000)
 ParOldGen       total 44032K, used 4890K [0x0000000780000000, 0x0000000782b00000, 0x00000007aab00000)
  object space 44032K, 11% used [0x0000000780000000,0x00000007804c6be8,0x0000000782b00000)
 Metaspace       used 20595K, capacity 21284K, committed 21296K, reserved 1067008K
  class space    used 2748K, capacity 2935K, committed 2944K, reserved 1048576K
}
Event: 3.833 GC heap before
{Heap before GC invocations=4 (full 1):
 PSYoungGen      total 18944K, used 2528K [0x00000007aab00000, 0x00000007ac000000, 0x00000007c0000000)
  eden space 16384K, 0% used [0x00000007aab00000,0x00000007aab00000,0x00000007abb00000)
  from space 2560K, 98% used [0x00000007abb00000,0x00000007abd78020,0x00000007abd80000)
  to   space 2560K, 0% used [0x00000007abd80000,0x00000007abd80000,0x00000007ac000000)
 ParOldGen       total 44032K, used 4890K [0x0000000780000000, 0x0000000782b00000, 0x00000007aab00000)
  object space 44032K, 11% used [0x0000000780000000,0x00000007804c6be8,0x0000000782b00000)
 Metaspace       used 20595K, capacity 21284K, committed 21296K, reserved 1067008K
  class space    used 2748K, capacity 2935K, committed 2944K, reserved 1048576K
Event: 3.868 GC heap after
Heap after GC invocations=4 (full 1):
 PSYoungGen      total 18944K, used 0K [0x00000007aab00000, 0x00000007ac000000, 0x00000007c0000000)
  eden space 16384K, 0% used [0x00000007aab00000,0x00000007aab00000,0x00000007abb00000)
  from space 2560K, 0% used [0x00000007abb00000,0x00000007abb00000,0x00000007abd80000)
  to   space 2560K, 0% used [0x00000007abd80000,0x00000007abd80000,0x00000007ac000000)
 ParOldGen       total 34816K, used 5518K [0x0000000780000000, 0x0000000782200000, 0x00000007aab00000)
  object space 34816K, 15% used [0x0000000780000000,0x0000000780563a60,0x0000000782200000)
 Metaspace       used 20595K, capacity 21284K, committed 21296K, reserved 1067008K
  class space    used 2748K, capacity 2935K, committed 2944K, reserved 1048576K
}
Event: 5.819 GC heap before
{Heap before GC invocations=5 (full 1):
 PSYoungGen      total 18944K, used 16252K [0x00000007aab00000, 0x00000007ac000000, 0x00000007c0000000)
  eden space 16384K, 99% used [0x00000007aab00000,0x00000007abadf1d8,0x00000007abb00000)
  from space 2560K, 0% used [0x00000007abb00000,0x00000007abb00000,0x00000007abd80000)
  to   space 2560K, 0% used [0x00000007abd80000,0x00000007abd80000,0x00000007ac000000)
 ParOldGen       total 34816K, used 5518K [0x0000000780000000, 0x0000000782200000, 0x00000007aab00000)
  object space 34816K, 15% used [0x0000000780000000,0x0000000780563a60,0x0000000782200000)
 Metaspace       used 23909K, capacity 25082K, committed 25344K, reserved 1071104K
  class space    used 3298K, capacity 3532K, committed 3584K, reserved 1048576K
Event: 5.825 GC heap after
Heap after GC invocations=5 (full 1):
 PSYoungGen      total 18944K, used 2560K [0x00000007aab00000, 0x00000007ac700000, 0x00000007c0000000)
  eden space 16384K, 0% used [0x00000007aab00000,0x00000007aab00000,0x00000007abb00000)
  from space 2560K, 100% used [0x00000007abd80000,0x00000007ac000000,0x00000007ac000000)
  to   space 2560K, 0% used [0x00000007abb00000,0x00000007abb00000,0x00000007abd80000)
 ParOldGen       total 34816K, used 6094K [0x0000000780000000, 0x0000000782200000, 0x00000007aab00000)
  object space 34816K, 17% used [0x0000000780000000,0x00000007805f3a60,0x0000000782200000)
 Metaspace       used 23909K, capacity 25082K, committed 25344K, reserved 1071104K
  class space    used 3298K, capacity 3532K, committed 3584K, reserved 1048576K
}

Deoptimization events (10 events):
Event: 8.199 Thread 0x00007faa9b8f7000 Uncommon trap: reason=unstable_if action=reinterpret pc=0x0000000118a9ebb4 method=java.lang.StrictMath.floorOrCeil(DDDD)D @ 38
Event: 8.203 Thread 0x00007faa9b8f7000 Uncommon trap: reason=bimorphic action=maybe_recompile pc=0x00000001189addf8 method=com.sun.javafx.css.SimpleSelector.applies(Ljavafx/css/Styleable;)Z @ 95
Event: 8.203 Thread 0x00007faa9b8f7000 Uncommon trap: reason=unstable_if action=reinterpret pc=0x0000000118929064 method=com.sun.javafx.css.StyleManager$CacheContainer.getStyleMap(I)Lcom/sun/javafx/css/StyleMap; @ 9
Event: 8.203 Thread 0x00007faa9b8f7000 Uncommon trap: reason=unstable_if action=reinterpret pc=0x000000011894da90 method=com.sun.javafx.css.StyleManager$CacheContainer.getStyleMap(I)Lcom/sun/javafx/css/StyleMap; @ 9
Event: 8.204 Thread 0x00007faa9b8f7000 Uncommon trap: reason=unstable_if action=reinterpret pc=0x0000000118918ad4 method=javafx.scene.CssStyleHelper.lookup(Ljavafx/css/Styleable;Ljavafx/css/CssMetaData;Lcom/sun/javafx/css/StyleMap;Ljava/util/Set;Ljavafx/css/Styleable;Lcom/sun/javafx/css/Calcul
Event: 26.072 Thread 0x00007faa9b8f7000 Uncommon trap: reason=bimorphic action=maybe_recompile pc=0x00000001189addf8 method=com.sun.javafx.css.SimpleSelector.applies(Ljavafx/css/Styleable;)Z @ 95
Event: 26.080 Thread 0x00007faa9b8f7000 Uncommon trap: reason=bimorphic action=maybe_recompile pc=0x00000001189addf8 method=com.sun.javafx.css.SimpleSelector.applies(Ljavafx/css/Styleable;)Z @ 95
Event: 26.081 Thread 0x00007faa9b8f7000 Uncommon trap: reason=unstable_if action=reinterpret pc=0x000000011892fd18 method=com.sun.javafx.css.StyleManager$CacheContainer.getStyleMap(I)Lcom/sun/javafx/css/StyleMap; @ 9
Event: 27.536 Thread 0x00007faa9b8f7000 Uncommon trap: reason=unstable_if action=reinterpret pc=0x0000000118a749c0 method=com.sun.javafx.text.TextRun.getPosX(I)F @ 75
Event: 288.907 Thread 0x00007faa9b8f7000 Uncommon trap: reason=unstable_if action=reinterpret pc=0x0000000118d0405c method=com.sun.javafx.tk.quantum.GlassViewEventHandler.lambda$null$373(JIZI)Ljava/lang/Void; @ 25

Internal exceptions (10 events):
Event: 8.218 Thread 0x00007faa9b8f7000 Exception <a 'java/lang/reflect/InvocationTargetException'> (0x00000007aafb8bf0) thrown at [/Users/java_re/workspace/8-2-build-macosx-x86_64/jdk8u40/3153/hotspot/src/share/vm/runtime/reflection.cpp, line 1080]
Event: 8.218 Thread 0x00007faa9b8f7000 Exception <a 'java/lang/RuntimeException'> (0x00000007aafb9280) thrown at [/Users/java_re/workspace/8-2-build-macosx-x86_64/jdk8u40/3153/hotspot/src/share/vm/prims/jvm.cpp, line 1386]
Event: 26.079 Thread 0x00007faa9b8f7000 Exception <a 'java/io/FileNotFoundException'> (0x00000007ab0815e8) thrown at [/Users/java_re/workspace/8-2-build-macosx-x86_64/jdk8u40/3153/hotspot/src/share/vm/prims/jni.cpp, line 709]
Event: 26.097 Thread 0x00007faa9b8f7000 Exception <a 'java/lang/NullPointerException'> (0x00000007ab0b6378) thrown at [/Users/java_re/workspace/8-2-build-macosx-x86_64/jdk8u40/3153/hotspot/src/share/vm/interpreter/linkResolver.cpp, line 1178]
Event: 26.097 Thread 0x00007faa9b8f7000 Exception <a 'java/lang/reflect/InvocationTargetException'> (0x00000007ab0b66b8) thrown at [/Users/java_re/workspace/8-2-build-macosx-x86_64/jdk8u40/3153/hotspot/src/share/vm/runtime/reflection.cpp, line 1080]
Event: 26.097 Thread 0x00007faa9b8f7000 Exception <a 'java/lang/RuntimeException'> (0x00000007ab0b6d48) thrown at [/Users/java_re/workspace/8-2-build-macosx-x86_64/jdk8u40/3153/hotspot/src/share/vm/prims/jvm.cpp, line 1386]
Event: 29.312 Thread 0x00007faa9b8f7000 Exception <a 'java/io/FileNotFoundException'> (0x00000007ab1a8570) thrown at [/Users/java_re/workspace/8-2-build-macosx-x86_64/jdk8u40/3153/hotspot/src/share/vm/prims/jni.cpp, line 709]
Event: 29.329 Thread 0x00007faa9b8f7000 Exception <a 'java/lang/NullPointerException'> (0x00000007ab205e50) thrown at [/Users/java_re/workspace/8-2-build-macosx-x86_64/jdk8u40/3153/hotspot/src/share/vm/interpreter/linkResolver.cpp, line 1178]
Event: 29.329 Thread 0x00007faa9b8f7000 Exception <a 'java/lang/reflect/InvocationTargetException'> (0x00000007ab206190) thrown at [/Users/java_re/workspace/8-2-build-macosx-x86_64/jdk8u40/3153/hotspot/src/share/vm/runtime/reflection.cpp, line 1080]
Event: 29.329 Thread 0x00007faa9b8f7000 Exception <a 'java/lang/RuntimeException'> (0x00000007ab206820) thrown at [/Users/java_re/workspace/8-2-build-macosx-x86_64/jdk8u40/3153/hotspot/src/share/vm/prims/jvm.cpp, line 1386]

Events (10 events):
Event: 334.274 Thread 0x00007faa9b8f7000 Thread exited: 0x00007faa9b8f7000
Event: 334.274 Thread 0x00007faa9d003800 Thread exited: 0x00007faa9d003800
Event: 334.274 Thread 0x00007faa9c2e7800 Thread added: 0x00007faa9c2e7800
Event: 334.274 loading class java/util/IdentityHashMap$KeyIterator
Event: 334.274 loading class java/util/IdentityHashMap$IdentityHashMapIterator
Event: 334.275 loading class java/util/IdentityHashMap$IdentityHashMapIterator done
Event: 334.275 loading class java/util/IdentityHashMap$KeyIterator done
Event: 334.275 Thread 0x00007faa9c443800 Thread added: 0x00007faa9c443800
Event: 334.276 Thread 0x00007faa9c443800 Thread exited: 0x00007faa9c443800
Event: 334.276 Thread 0x00007faa9c2e7800 Thread exited: 0x00007faa9c2e7800


Dynamic libraries:
0x0000000015dfe000 	/System/Library/Frameworks/Cocoa.framework/Versions/A/Cocoa
0x0000000015dfe000 	/System/Library/Frameworks/Security.framework/Versions/A/Security
0x0000000015dfe000 	/System/Library/Frameworks/ApplicationServices.framework/Versions/A/ApplicationServices
0x0000000015dfe000 	/usr/lib/libz.1.dylib
0x0000000015dfe000 	/usr/lib/libSystem.B.dylib
0x0000000015dfe000 	/usr/lib/libobjc.A.dylib
0x0000000015dfe000 	/System/Library/Frameworks/CoreFoundation.framework/Versions/A/CoreFoundation
0x0000000015dfe000 	/System/Library/Frameworks/Foundation.framework/Versions/C/Foundation
0x0000000015dfe000 	/System/Library/Frameworks/AppKit.framework/Versions/C/AppKit
0x0000000015dfe000 	/System/Library/Frameworks/CoreData.framework/Versions/A/CoreData
0x0000000015dfe000 	/System/Library/PrivateFrameworks/RemoteViewServices.framework/Versions/A/RemoteViewServices
0x0000000015dfe000 	/System/Library/PrivateFrameworks/UIFoundation.framework/Versions/A/UIFoundation
0x0000000015dfe000 	/usr/lib/libenergytrace.dylib
0x0000000015dfe000 	/System/Library/PrivateFrameworks/SkyLight.framework/Versions/A/SkyLight
0x0000000015dfe000 	/System/Library/Frameworks/CoreGraphics.framework/Versions/A/CoreGraphics
0x0000000015dfe000 	/usr/lib/libScreenReader.dylib
0x0000000015dfe000 	/System/Library/Frameworks/Accelerate.framework/Versions/A/Accelerate
0x0000000015dfe000 	/System/Library/Frameworks/IOSurface.framework/Versions/A/IOSurface
0x0000000015dfe000 	/System/Library/Frameworks/AudioToolbox.framework/Versions/A/AudioToolbox
0x0000000015dfe000 	/System/Library/Frameworks/AudioUnit.framework/Versions/A/AudioUnit
0x0000000015dfe000 	/System/Library/PrivateFrameworks/DataDetectorsCore.framework/Versions/A/DataDetectorsCore
0x0000000015dfe000 	/System/Library/PrivateFrameworks/DesktopServicesPriv.framework/Versions/A/DesktopServicesPriv
0x0000000015dfe000 	/System/Library/Frameworks/Carbon.framework/Versions/A/Frameworks/HIToolbox.framework/Versions/A/HIToolbox
0x0000000015dfe000 	/usr/lib/libicucore.A.dylib
0x0000000015dfe000 	/System/Library/Frameworks/QuartzCore.framework/Versions/A/QuartzCore
0x0000000015dfe000 	/System/Library/Frameworks/Carbon.framework/Versions/A/Frameworks/SpeechRecognition.framework/Versions/A/SpeechRecognition
0x0000000015dfe000 	/usr/lib/libauto.dylib
0x0000000015dfe000 	/usr/lib/libxml2.2.dylib
0x0000000015dfe000 	/System/Library/PrivateFrameworks/CoreUI.framework/Versions/A/CoreUI
0x0000000015dfe000 	/System/Library/Frameworks/CoreAudio.framework/Versions/A/CoreAudio
0x0000000015dfe000 	/System/Library/Frameworks/DiskArbitration.framework/Versions/A/DiskArbitration
0x0000000015dfe000 	/usr/lib/liblangid.dylib
0x0000000015dfe000 	/System/Library/PrivateFrameworks/MultitouchSupport.framework/Versions/A/MultitouchSupport
0x0000000015dfe000 	/System/Library/Frameworks/IOKit.framework/Versions/A/IOKit
0x0000000015dfe000 	/usr/lib/libDiagnosticMessagesClient.dylib
0x0000000015dfe000 	/System/Library/Frameworks/CoreServices.framework/Versions/A/CoreServices
0x0000000015dfe000 	/System/Library/PrivateFrameworks/PerformanceAnalysis.framework/Versions/A/PerformanceAnalysis
0x0000000015dfe000 	/System/Library/PrivateFrameworks/GenerationalStorage.framework/Versions/A/GenerationalStorage
0x0000000015dfe000 	/System/Library/Frameworks/OpenGL.framework/Versions/A/OpenGL
0x0000000015dfe000 	/System/Library/Frameworks/CoreImage.framework/Versions/A/CoreImage
0x0000000015dfe000 	/System/Library/Frameworks/CoreText.framework/Versions/A/CoreText
0x0000000015dfe000 	/System/Library/Frameworks/ImageIO.framework/Versions/A/ImageIO
0x0000000015dfe000 	/System/Library/PrivateFrameworks/Backup.framework/Versions/A/Backup
0x0000000015dfe000 	/usr/lib/libarchive.2.dylib
0x0000000015dfe000 	/System/Library/Frameworks/CFNetwork.framework/Versions/A/CFNetwork
0x0000000015dfe000 	/System/Library/Frameworks/SystemConfiguration.framework/Versions/A/SystemConfiguration
0x0000000015dfe000 	/usr/lib/libCRFSuite.dylib
0x0000000015dfe000 	/usr/lib/libc++.1.dylib
0x0000000015dfe000 	/usr/lib/libc++abi.dylib
0x0000000015dfe000 	/usr/lib/system/libcache.dylib
0x0000000015dfe000 	/usr/lib/system/libcommonCrypto.dylib
0x0000000015dfe000 	/usr/lib/system/libcompiler_rt.dylib
0x0000000015dfe000 	/usr/lib/system/libcopyfile.dylib
0x0000000015dfe000 	/usr/lib/system/libcorecrypto.dylib
0x0000000015dfe000 	/usr/lib/system/libdispatch.dylib
0x0000000015dfe000 	/usr/lib/system/libdyld.dylib
0x0000000015dfe000 	/usr/lib/system/libkeymgr.dylib
0x0000000015dfe000 	/usr/lib/system/liblaunch.dylib
0x0000000015dfe000 	/usr/lib/system/libmacho.dylib
0x0000000015dfe000 	/usr/lib/system/libquarantine.dylib
0x0000000015dfe000 	/usr/lib/system/libremovefile.dylib
0x0000000015dfe000 	/usr/lib/system/libsystem_asl.dylib
0x0000000015dfe000 	/usr/lib/system/libsystem_blocks.dylib
0x0000000015dfe000 	/usr/lib/system/libsystem_c.dylib
0x0000000015dfe000 	/usr/lib/system/libsystem_configuration.dylib
0x0000000015dfe000 	/usr/lib/system/libsystem_coreservices.dylib
0x0000000015dfe000 	/usr/lib/system/libsystem_coretls.dylib
0x0000000015dfe000 	/usr/lib/system/libsystem_dnssd.dylib
0x0000000015dfe000 	/usr/lib/system/libsystem_info.dylib
0x0000000015dfe000 	/usr/lib/system/libsystem_kernel.dylib
0x0000000015dfe000 	/usr/lib/system/libsystem_m.dylib
0x0000000015dfe000 	/usr/lib/system/libsystem_malloc.dylib
0x0000000015dfe000 	/usr/lib/system/libsystem_network.dylib
0x0000000015dfe000 	/usr/lib/system/libsystem_networkextension.dylib
0x0000000015dfe000 	/usr/lib/system/libsystem_notify.dylib
0x0000000015dfe000 	/usr/lib/system/libsystem_platform.dylib
0x0000000015dfe000 	/usr/lib/system/libsystem_pthread.dylib
0x0000000015dfe000 	/usr/lib/system/libsystem_sandbox.dylib
0x0000000015dfe000 	/usr/lib/system/libsystem_secinit.dylib
0x0000000015dfe000 	/usr/lib/system/libsystem_symptoms.dylib
0x0000000015dfe000 	/usr/lib/system/libsystem_trace.dylib
0x0000000015dfe000 	/usr/lib/system/libunwind.dylib
0x0000000015dfe000 	/usr/lib/system/libxpc.dylib
0x0000000015dfe000 	/usr/lib/libbsm.0.dylib
0x0000000015dfe000 	/usr/lib/system/libkxld.dylib
0x0000000015dfe000 	/usr/lib/libcoretls.dylib
0x0000000015dfe000 	/usr/lib/libcoretls_cfhelpers.dylib
0x0000000015dfe000 	/usr/lib/libxar.1.dylib
0x0000000015dfe000 	/usr/lib/libsqlite3.dylib
0x0000000015dfe000 	/usr/lib/libpam.2.dylib
0x0000000015dfe000 	/usr/lib/libOpenScriptingUtil.dylib
0x0000000015dfe000 	/usr/lib/libbz2.1.0.dylib
0x0000000015dfe000 	/usr/lib/liblzma.5.dylib
0x0000000015dfe000 	/usr/lib/libnetwork.dylib
0x0000000015dfe000 	/usr/lib/libpcap.A.dylib
0x0000000015dfe000 	/System/Library/Frameworks/CoreServices.framework/Versions/A/Frameworks/FSEvents.framework/Versions/A/FSEvents
0x0000000015dfe000 	/System/Library/Frameworks/CoreServices.framework/Versions/A/Frameworks/CarbonCore.framework/Versions/A/CarbonCore
0x0000000015dfe000 	/System/Library/Frameworks/CoreServices.framework/Versions/A/Frameworks/Metadata.framework/Versions/A/Metadata
0x0000000015dfe000 	/System/Library/Frameworks/CoreServices.framework/Versions/A/Frameworks/OSServices.framework/Versions/A/OSServices
0x0000000015dfe000 	/System/Library/Frameworks/CoreServices.framework/Versions/A/Frameworks/SearchKit.framework/Versions/A/SearchKit
0x0000000015dfe000 	/System/Library/Frameworks/CoreServices.framework/Versions/A/Frameworks/AE.framework/Versions/A/AE
0x0000000015dfe000 	/System/Library/Frameworks/CoreServices.framework/Versions/A/Frameworks/LaunchServices.framework/Versions/A/LaunchServices
0x0000000015dfe000 	/System/Library/Frameworks/CoreServices.framework/Versions/A/Frameworks/DictionaryServices.framework/Versions/A/DictionaryServices
0x0000000015dfe000 	/System/Library/Frameworks/CoreServices.framework/Versions/A/Frameworks/SharedFileList.framework/Versions/A/SharedFileList
0x0000000015dfe000 	/System/Library/Frameworks/NetFS.framework/Versions/A/NetFS
0x0000000015dfe000 	/System/Library/PrivateFrameworks/NetAuth.framework/Versions/A/NetAuth
0x0000000015dfe000 	/System/Library/PrivateFrameworks/login.framework/Versions/A/Frameworks/loginsupport.framework/Versions/A/loginsupport
0x0000000015dfe000 	/System/Library/PrivateFrameworks/TCC.framework/Versions/A/TCC
0x0000000015dfe000 	/usr/lib/libmecabra.dylib
0x0000000015dfe000 	/System/Library/Frameworks/ApplicationServices.framework/Versions/A/Frameworks/ATS.framework/Versions/A/ATS
0x0000000015dfe000 	/System/Library/Frameworks/ApplicationServices.framework/Versions/A/Frameworks/ColorSync.framework/Versions/A/ColorSync
0x0000000015dfe000 	/System/Library/Frameworks/ApplicationServices.framework/Versions/A/Frameworks/HIServices.framework/Versions/A/HIServices
0x0000000015dfe000 	/System/Library/Frameworks/ApplicationServices.framework/Versions/A/Frameworks/LangAnalysis.framework/Versions/A/LangAnalysis
0x0000000015dfe000 	/System/Library/Frameworks/ApplicationServices.framework/Versions/A/Frameworks/PrintCore.framework/Versions/A/PrintCore
0x0000000015dfe000 	/System/Library/Frameworks/ApplicationServices.framework/Versions/A/Frameworks/QD.framework/Versions/A/QD
0x0000000015dfe000 	/System/Library/Frameworks/ApplicationServices.framework/Versions/A/Frameworks/SpeechSynthesis.framework/Versions/A/SpeechSynthesis
0x0000000015dfe000 	/System/Library/Frameworks/Accelerate.framework/Versions/A/Frameworks/vImage.framework/Versions/A/vImage
0x0000000015dfe000 	/System/Library/Frameworks/Accelerate.framework/Versions/A/Frameworks/vecLib.framework/Versions/A/vecLib
0x0000000015dfe000 	/System/Library/Frameworks/Accelerate.framework/Versions/A/Frameworks/vecLib.framework/Versions/A/libvDSP.dylib
0x0000000015dfe000 	/System/Library/Frameworks/Accelerate.framework/Versions/A/Frameworks/vecLib.framework/Versions/A/libBNNS.dylib
0x0000000015dfe000 	/System/Library/Frameworks/Accelerate.framework/Versions/A/Frameworks/vecLib.framework/Versions/A/libQuadrature.dylib
0x0000000015dfe000 	/System/Library/Frameworks/Accelerate.framework/Versions/A/Frameworks/vecLib.framework/Versions/A/libvMisc.dylib
0x0000000015dfe000 	/System/Library/Frameworks/Accelerate.framework/Versions/A/Frameworks/vecLib.framework/Versions/A/libLAPACK.dylib
0x0000000015dfe000 	/System/Library/Frameworks/Accelerate.framework/Versions/A/Frameworks/vecLib.framework/Versions/A/libBLAS.dylib
0x0000000015dfe000 	/System/Library/Frameworks/Accelerate.framework/Versions/A/Frameworks/vecLib.framework/Versions/A/libLinearAlgebra.dylib
0x0000000015dfe000 	/System/Library/Frameworks/Accelerate.framework/Versions/A/Frameworks/vecLib.framework/Versions/A/libSparseBLAS.dylib
0x0000000015dfe000 	/System/Library/Frameworks/ApplicationServices.framework/Versions/A/Frameworks/ATS.framework/Versions/A/Resources/libFontParser.dylib
0x0000000015dfe000 	/System/Library/Frameworks/ApplicationServices.framework/Versions/A/Frameworks/ATS.framework/Versions/A/Resources/libFontRegistry.dylib
0x0000000015dfe000 	/System/Library/Frameworks/ImageIO.framework/Versions/A/Resources/libJPEG.dylib
0x0000000015dfe000 	/System/Library/Frameworks/ImageIO.framework/Versions/A/Resources/libTIFF.dylib
0x0000000015dfe000 	/System/Library/Frameworks/ImageIO.framework/Versions/A/Resources/libPng.dylib
0x0000000015dfe000 	/System/Library/Frameworks/ImageIO.framework/Versions/A/Resources/libGIF.dylib
0x0000000015dfe000 	/System/Library/Frameworks/ImageIO.framework/Versions/A/Resources/libJP2.dylib
0x0000000015dfe000 	/System/Library/Frameworks/ImageIO.framework/Versions/A/Resources/libRadiance.dylib
0x0000000015dfe000 	/usr/lib/libcompression.dylib
0x0000000015dfe000 	/System/Library/PrivateFrameworks/AppleJPEG.framework/Versions/A/AppleJPEG
0x0000000015dfe000 	/usr/lib/libcups.2.dylib
0x0000000015dfe000 	/System/Library/Frameworks/Kerberos.framework/Versions/A/Kerberos
0x0000000015dfe000 	/System/Library/Frameworks/GSS.framework/Versions/A/GSS
0x0000000015dfe000 	/usr/lib/libresolv.9.dylib
0x0000000015dfe000 	/usr/lib/libiconv.2.dylib
0x0000000015dfe000 	/System/Library/PrivateFrameworks/Heimdal.framework/Versions/A/Heimdal
0x0000000015dfe000 	/usr/lib/libheimdal-asn1.dylib
0x0000000015dfe000 	/System/Library/Frameworks/OpenDirectory.framework/Versions/A/OpenDirectory
0x0000000015dfe000 	/System/Library/PrivateFrameworks/CommonAuth.framework/Versions/A/CommonAuth
0x0000000015dfe000 	/System/Library/Frameworks/OpenDirectory.framework/Versions/A/Frameworks/CFOpenDirectory.framework/Versions/A/CFOpenDirectory
0x0000000015dfe000 	/System/Library/Frameworks/SecurityFoundation.framework/Versions/A/SecurityFoundation
0x0000000015dfe000 	/System/Library/PrivateFrameworks/LanguageModeling.framework/Versions/A/LanguageModeling
0x0000000015dfe000 	/usr/lib/libmarisa.dylib
0x0000000015dfe000 	/usr/lib/libChineseTokenizer.dylib
0x0000000015dfe000 	/usr/lib/libcmph.dylib
0x0000000015dfe000 	/System/Library/PrivateFrameworks/CoreEmoji.framework/Versions/A/CoreEmoji
0x0000000015dfe000 	/System/Library/Frameworks/ServiceManagement.framework/Versions/A/ServiceManagement
0x0000000015dfe000 	/usr/lib/libxslt.1.dylib
0x0000000015dfe000 	/System/Library/Frameworks/Carbon.framework/Versions/A/Frameworks/Ink.framework/Versions/A/Ink
0x0000000015dfe000 	/System/Library/PrivateFrameworks/TextureIO.framework/Versions/A/TextureIO
0x0000000015dfe000 	/System/Library/Frameworks/Metal.framework/Versions/A/Metal
0x0000000015dfe000 	/usr/lib/libate.dylib
0x0000000015dfe000 	/System/Library/PrivateFrameworks/GPUCompiler.framework/libmetal_timestamp.dylib
0x0000000015dfe000 	/System/Library/Frameworks/OpenGL.framework/Versions/A/Libraries/libCoreFSCache.dylib
0x0000000015dfe000 	/System/Library/PrivateFrameworks/IOAccelerator.framework/Versions/A/IOAccelerator
0x0000000015dfe000 	/System/Library/Frameworks/CoreVideo.framework/Versions/A/CoreVideo
0x0000000015dfe000 	/usr/lib/libFosl_dynamic.dylib
0x0000000015dfe000 	/System/Library/PrivateFrameworks/MetalPerformanceShaders.framework/Versions/A/MetalPerformanceShaders
0x0000000015dfe000 	/System/Library/PrivateFrameworks/FaceCore.framework/Versions/A/FaceCore
0x0000000015dfe000 	/System/Library/Frameworks/OpenCL.framework/Versions/A/OpenCL
0x0000000015dfe000 	/System/Library/Frameworks/OpenGL.framework/Versions/A/Libraries/libGLU.dylib
0x0000000015dfe000 	/System/Library/Frameworks/OpenGL.framework/Versions/A/Libraries/libGFXShared.dylib
0x0000000015dfe000 	/System/Library/Frameworks/OpenGL.framework/Versions/A/Libraries/libGL.dylib
0x0000000015dfe000 	/System/Library/Frameworks/OpenGL.framework/Versions/A/Libraries/libGLImage.dylib
0x0000000015dfe000 	/System/Library/Frameworks/OpenGL.framework/Versions/A/Libraries/libCVMSPluginSupport.dylib
0x0000000015dfe000 	/System/Library/Frameworks/OpenGL.framework/Versions/A/Libraries/libCoreVMClient.dylib
0x0000000015dfe000 	/System/Library/PrivateFrameworks/CrashReporterSupport.framework/Versions/A/CrashReporterSupport
0x0000000015dfe000 	/System/Library/PrivateFrameworks/Sharing.framework/Versions/A/Sharing
0x0000000015dfe000 	/System/Library/PrivateFrameworks/IconServices.framework/Versions/A/IconServices
0x0000000015dfe000 	/System/Library/PrivateFrameworks/ProtocolBuffer.framework/Versions/A/ProtocolBuffer
0x0000000015dfe000 	/System/Library/PrivateFrameworks/Apple80211.framework/Versions/A/Apple80211
0x0000000015dfe000 	/System/Library/Frameworks/CoreWLAN.framework/Versions/A/CoreWLAN
0x0000000015dfe000 	/System/Library/PrivateFrameworks/CoreUtils.framework/Versions/A/CoreUtils
0x0000000015dfe000 	/System/Library/Frameworks/IOBluetooth.framework/Versions/A/IOBluetooth
0x0000000015dfe000 	/System/Library/PrivateFrameworks/CoreWiFi.framework/Versions/A/CoreWiFi
0x0000000015dfe000 	/System/Library/Frameworks/CoreBluetooth.framework/Versions/A/CoreBluetooth
0x0000000015dfe000 	/System/Library/Frameworks/CoreDisplay.framework/Versions/A/CoreDisplay
0x0000000015dfe000 	/System/Library/PrivateFrameworks/IOPresentment.framework/Versions/A/IOPresentment
0x0000000015dfe000 	/System/Library/PrivateFrameworks/DebugSymbols.framework/Versions/A/DebugSymbols
0x0000000015dfe000 	/System/Library/PrivateFrameworks/CoreSymbolication.framework/Versions/A/CoreSymbolication
0x0000000015dfe000 	/System/Library/PrivateFrameworks/Symbolication.framework/Versions/A/Symbolication
0x0000000015dfe000 	/System/Library/PrivateFrameworks/AppleFSCompression.framework/Versions/A/AppleFSCompression
0x0000000015dfe000 	/System/Library/PrivateFrameworks/SpeechRecognitionCore.framework/Versions/A/SpeechRecognitionCore
0x0000000015dfe000 	/System/Library/PrivateFrameworks/ChunkingLibrary.framework/Versions/A/ChunkingLibrary
0x000000010df60000 	/Library/Java/JavaVirtualMachines/jdk1.8.0_40.jdk/Contents/Home/jre/lib/server/libjvm.dylib
0x0000000015dfe000 	/usr/lib/libstdc++.6.dylib
0x000000010eec9000 	/Library/Java/JavaVirtualMachines/jdk1.8.0_40.jdk/Contents/Home/jre/lib/libverify.dylib
0x000000010eed7000 	/Library/Java/JavaVirtualMachines/jdk1.8.0_40.jdk/Contents/Home/jre/lib/libjava.dylib
0x000000010ef16000 	/Library/Java/JavaVirtualMachines/jdk1.8.0_40.jdk/Contents/Home/jre/lib/libzip.dylib
0x0000000113b22000 	/System/Library/Frameworks/JavaVM.framework/Frameworks/JavaRuntimeSupport.framework/JavaRuntimeSupport
0x0000000113b3c000 	/System/Library/Frameworks/JavaVM.framework/Versions/A/Frameworks/JavaNativeFoundation.framework/Versions/A/JavaNativeFoundation
0x0000000113b51000 	/System/Library/Frameworks/JavaVM.framework/Versions/A/JavaVM
0x0000000015dfe000 	/System/Library/Frameworks/Carbon.framework/Versions/A/Carbon
0x0000000113b5e000 	/System/Library/PrivateFrameworks/JavaLaunching.framework/Versions/A/JavaLaunching
0x0000000015dfe000 	/System/Library/Frameworks/Carbon.framework/Versions/A/Frameworks/CommonPanels.framework/Versions/A/CommonPanels
0x0000000015dfe000 	/System/Library/Frameworks/Carbon.framework/Versions/A/Frameworks/Help.framework/Versions/A/Help
0x0000000015dfe000 	/System/Library/Frameworks/Carbon.framework/Versions/A/Frameworks/ImageCapture.framework/Versions/A/ImageCapture
0x0000000015dfe000 	/System/Library/Frameworks/Carbon.framework/Versions/A/Frameworks/OpenScripting.framework/Versions/A/OpenScripting
0x0000000015dfe000 	/System/Library/Frameworks/Carbon.framework/Versions/A/Frameworks/Print.framework/Versions/A/Print
0x0000000015dfe000 	/System/Library/Frameworks/Carbon.framework/Versions/A/Frameworks/SecurityHI.framework/Versions/A/SecurityHI
0x00000001154f8000 	/Library/Java/JavaVirtualMachines/jdk1.8.0_40.jdk/Contents/Home/jre/lib/libprism_es2.dylib
0x0000000015dfe000 	/System/Library/Frameworks/OpenGL.framework/Versions/A/Resources/GLEngine.bundle/GLEngine
0x0000000015dfe000 	/System/Library/Frameworks/OpenGL.framework/Versions/A/Libraries/libGLProgrammability.dylib
0x000000011555d000 	/System/Library/Extensions/AppleIntelHD5000GraphicsGLDriver.bundle/Contents/MacOS/AppleIntelHD5000GraphicsGLDriver
0x0000000015dfe000 	/System/Library/PrivateFrameworks/GPUSupport.framework/Versions/A/Libraries/libGPUSupportMercury.dylib
0x0000000015dfe000 	/System/Library/Frameworks/OpenGL.framework/Versions/A/Resources/GLRendererFloat.bundle/GLRendererFloat
0x0000000015dfe000 	/System/Library/Frameworks/OpenCL.framework/Versions/A/Libraries/libcldcpuengine.dylib
0x0000000015dfe000 	/usr/lib/libcrypto.0.9.8.dylib
0x0000000015dfe000 	/System/Library/PrivateFrameworks/TrustEvaluationAgent.framework/Versions/A/TrustEvaluationAgent
0x000000011610f000 	/Library/Java/JavaVirtualMachines/jdk1.8.0_40.jdk/Contents/Home/jre/lib/libglass.dylib
0x0000000015dfe000 	/System/Library/PrivateFrameworks/CoreServicesInternal.framework/Versions/A/CoreServicesInternal
0x0000000015dfe000 	/System/Library/CoreServices/RawCamera.bundle/Contents/MacOS/RawCamera
0x0000000015dfe000 	/System/Library/Frameworks/Accelerate.framework/Versions/A/Frameworks/vImage.framework/Versions/A/Libraries/libCGInterfaces.dylib
0x0000000015dfe000 	/System/Library/PrivateFrameworks/FamilyControls.framework/Versions/A/FamilyControls
0x0000000015dfe000 	/System/Library/PrivateFrameworks/CommerceKit.framework/Versions/A/Frameworks/CommerceCore.framework/Versions/A/CommerceCore
0x0000000015dfe000 	/System/Library/PrivateFrameworks/SystemAdministration.framework/Versions/A/SystemAdministration
0x0000000015dfe000 	/System/Library/PrivateFrameworks/AppContainer.framework/Versions/A/AppContainer
0x0000000015dfe000 	/System/Library/PrivateFrameworks/SecCodeWrapper.framework/Versions/A/SecCodeWrapper
0x0000000015dfe000 	/System/Library/Frameworks/DirectoryService.framework/Versions/A/DirectoryService
0x0000000015dfe000 	/System/Library/PrivateFrameworks/DiskImages.framework/Versions/A/DiskImages
0x0000000015dfe000 	/System/Library/PrivateFrameworks/LoginUIKit.framework/Versions/A/Frameworks/LoginUICore.framework/Versions/A/LoginUICore
0x0000000015dfe000 	/usr/lib/libCoreStorage.dylib
0x0000000015dfe000 	/usr/lib/libcsfde.dylib
0x0000000015dfe000 	/usr/lib/libodfde.dylib
0x0000000015dfe000 	/System/Library/Frameworks/DiscRecording.framework/Versions/A/DiscRecording
0x0000000015dfe000 	/usr/lib/libcurl.4.dylib
0x0000000015dfe000 	/System/Library/PrivateFrameworks/MediaKit.framework/Versions/A/MediaKit
0x0000000015dfe000 	/System/Library/PrivateFrameworks/ProtectedCloudStorage.framework/Versions/A/ProtectedCloudStorage
0x0000000015dfe000 	/System/Library/PrivateFrameworks/EFILogin.framework/Versions/A/EFILogin
0x0000000015dfe000 	/usr/lib/libutil.dylib
0x0000000015dfe000 	/System/Library/Frameworks/LDAP.framework/Versions/A/LDAP
0x0000000015dfe000 	/usr/lib/libsasl2.2.dylib
0x0000000015dfe000 	/System/Library/PrivateFrameworks/CoreDaemon.framework/Versions/B/CoreDaemon
0x0000000015dfe000 	/System/Library/PrivateFrameworks/AppleSRP.framework/Versions/A/AppleSRP
0x0000000015dfe000 	/System/Library/PrivateFrameworks/APFS.framework/Versions/A/APFS
0x0000000117b37000 	/Library/Java/JavaVirtualMachines/jdk1.8.0_40.jdk/Contents/Home/jre/lib/libjavafx_font.dylib
0x0000000117d42000 	/Library/Java/JavaVirtualMachines/jdk1.8.0_40.jdk/Contents/Home/jre/lib/libmanagement.dylib
0x0000000117d4f000 	/Library/Java/JavaVirtualMachines/jdk1.8.0_40.jdk/Contents/Home/jre/lib/libnet.dylib
0x0000000117dae000 	/Library/Java/JavaVirtualMachines/jdk1.8.0_40.jdk/Contents/Home/jre/lib/libnio.dylib
0x0000000015dfe000 	/System/Library/Frameworks/ApplicationServices.framework/Versions/A/Frameworks/ATS.framework/Versions/A/Resources/libTrueTypeScaler.dylib
0x000000012ab3e000 	/System/Library/Extensions/AppleIntelHD5000GraphicsMTLDriver.bundle/Contents/MacOS/AppleIntelHD5000GraphicsMTLDriver
0x0000000015dfe000 	/System/Library/PrivateFrameworks/ViewBridge.framework/Versions/A/ViewBridge
0x0000000015dfe000 	/System/Library/PrivateFrameworks/XPCService.framework/Versions/A/XPCService
0x0000000015dfe000 	/System/Library/PrivateFrameworks/AppSandbox.framework/Versions/A/AppSandbox
0x0000000015dfe000 	/usr/lib/libsandbox.1.dylib
0x0000000015dfe000 	/usr/lib/libMatch.1.dylib
0x0000000118149000 	/Library/Java/JavaVirtualMachines/jdk1.8.0_40.jdk/Contents/Home/jre/lib/libprism_common.dylib

VM Arguments:
jvm_args: -Dfile.encoding=UTF-8 
java_command: application.Main
java_class_path (initial): /Users/yotti/JAVAFX/Firstprojekt/bin:/Users/yotti/Downloads/Eclipse.app/Contents/Eclipse/plugins/org.eclipse.fx.ide.css.jfx8_2.4.0.201605112122.jar:/Users/yotti/Downloads/ojdbc6.jar
Launcher Type: SUN_STANDARD

Environment Variables:
PATH=/usr/bin:/bin:/usr/sbin:/sbin
SHELL=/bin/bash
DISPLAY=/private/tmp/com.apple.launchd.JcCAKFp37h/org.macosforge.xquartz:0

Signal Handlers:
SIGSEGV: [libjvm.dylib+0x58ef95], sa_mask[0]=11111111011111110111111111111111, sa_flags=SA_ONSTACK|SA_RESTART|SA_SIGINFO
SIGBUS: [libjvm.dylib+0x58ef95], sa_mask[0]=11111111011111110111111111111111, sa_flags=SA_RESTART|SA_SIGINFO
SIGFPE: [libjvm.dylib+0x46c118], sa_mask[0]=11111111011111110111111111111111, sa_flags=SA_RESTART|SA_SIGINFO
SIGPIPE: [libjvm.dylib+0x46c118], sa_mask[0]=11111111011111110111111111111111, sa_flags=SA_RESTART|SA_SIGINFO
SIGXFSZ: [libjvm.dylib+0x46c118], sa_mask[0]=11111111011111110111111111111111, sa_flags=SA_RESTART|SA_SIGINFO
SIGILL: [libjvm.dylib+0x46c118], sa_mask[0]=11111111011111110111111111111111, sa_flags=SA_RESTART|SA_SIGINFO
SIGUSR1: SIG_DFL, sa_mask[0]=00000000000000000000000000000000, sa_flags=none
SIGUSR2: [libjvm.dylib+0x46bc36], sa_mask[0]=00100000000000000000000000000000, sa_flags=SA_RESTART|SA_SIGINFO
SIGHUP: [libjvm.dylib+0x46a209], sa_mask[0]=11111111011111110111111111111111, sa_flags=SA_RESTART|SA_SIGINFO
SIGINT: [libjvm.dylib+0x46a209], sa_mask[0]=11111111011111110111111111111111, sa_flags=SA_RESTART|SA_SIGINFO
SIGTERM: [libjvm.dylib+0x46a209], sa_mask[0]=11111111011111110111111111111111, sa_flags=SA_RESTART|SA_SIGINFO
SIGQUIT: [libjvm.dylib+0x46a209], sa_mask[0]=11111111011111110111111111111111, sa_flags=SA_RESTART|SA_SIGINFO


---------------  S Y S T E M  ---------------

OS:Bsduname:Darwin 16.1.0 Darwin Kernel Version 16.1.0: Thu Oct 13 21:26:57 PDT 2016; root:xnu-3789.21.3~60/RELEASE_X86_64 x86_64
rlimit: STACK 8192k, CORE 0k, NPROC 709, NOFILE 10240, AS infinity
load average:2.62 3.01 2.66

CPU:total 4 (2 cores per cpu, 2 threads per core) family 6 model 69 stepping 1, cmov, cx8, fxsr, mmx, sse, sse2, sse3, ssse3, sse4.1, sse4.2, popcnt, avx, avx2, aes, clmul, erms, lzcnt, ht, tsc, tscinvbit, bmi1, bmi2

Memory: 4k page, physical 4194304k(24384k free)

/proc/meminfo:


vm_info: Java HotSpot(TM) 64-Bit Server VM (25.40-b25) for bsd-amd64 JRE (1.8.0_40-b27), built on Mar 13 2015 04:46:52 by "java_re" with gcc 4.2.1 (Based on Apple Inc. build 5658) (LLVM build 2336.11.00)

time: Sun Dec 11 20:52:41 2016
elapsed time: 334 seconds (0d 0h 5m 34s)

