#
# A fatal error has been detected by the Java Runtime Environment:
#
#  SIGSEGV (0xb) at pc=0x000000011e8f8561, pid=20758, tid=775
#
# JRE version: Java(TM) SE Runtime Environment (8.0_40-b27) (build 1.8.0_40-b27)
# Java VM: Java HotSpot(TM) 64-Bit Server VM (25.40-b25 mixed mode bsd-amd64 compressed oops)
# Problematic frame:
# C  [libglass.dylib+0x15561]  GlassScreenDidChangeScreenParameters+0x21
#
# Failed to write core dump. Core dumps have been disabled. To enable core dumping, try "ulimit -c unlimited" before starting Java again
#
# If you would like to submit a bug report, please visit:
#   http://bugreport.java.com/bugreport/crash.jsp
#

---------------  T H R E A D  ---------------

Current thread is native thread

siginfo: si_signo: 11 (SIGSEGV), si_code: 1 (SEGV_MAPERR), si_addr: 0x0000000000000000

Registers:
RAX=0x000000011e92aac8, RBX=0x0000000000000000, RCX=0x0000000000000103, RDX=0x0000000000012068
RSP=0x00007fff585d0a80, RBP=0x00007fff585d0a90, RSI=0x00007ff571c0b480, RDI=0x0000000000000000
R8 =0x0000000000000040, R9 =0x00007fffa8de2040, R10=0xffffffffffffffff, R11=0x0000000000012068
R12=0x0000000000000000, R13=0x00007ff571e48920, R14=0x00007ff574566530, R15=0x0000000000000000
RIP=0x000000011e8f8561, EFLAGS=0x0000000000010246, ERR=0x0000000000000004
  TRAPNO=0x000000000000000e

Top of Stack: (sp=0x00007fff585d0a80)
0x00007fff585d0a80:   00007ff571e48b50 00007ff574566530
0x00007fff585d0a90:   00007fff585d0aa0 00007fff8b02959c
0x00007fff585d0aa0:   00007fff585d0b10 00007fff8b02949b
0x00007fff585d0ab0:   000000010764ba00 00007fffa8ddd060
0x00007fff585d0ac0:   00000000c2000000 00007fff8b0294f0
0x00007fff585d0ad0:   00007fffa57bf680 00007ff571e48920
0x00007fff585d0ae0:   00007ff574566530 00007fff585d12d8
0x00007fff585d0af0:   00007fff9f7f1b40 00007fff585d0be0
0x00007fff585d0b00:   00007ff571e48920 00007fff897d9631
0x00007fff585d0b10:   00007fff585d0b50 00007fff8b029202
0x00007fff585d0b20:   00007fff585d1120 0000000000000000
0x00007fff585d0b30:   00007fff9f7f1b40 00007fff585d0be0
0x00007fff585d0b40:   00007fff585d12d8 00007fff897d9631
0x00007fff585d0b50:   00007fff585d1270 00007fff8afe6903
0x00007fff585d0b60:   00007fff585d0b80 00007fff8afa8b20
0x00007fff585d0b70:   00007ff571c305b0 000000000000000d
0x00007fff585d0b80:   00007ff571c0d330 00007fffa57c0cb0
0x00007fff585d0b90:   0000000000000000 00007ff5738b0048
0x00007fff585d0ba0:   00007ff571c0d301 00007ff571c34040
0x00007fff585d0bb0:   00007fffa58f2f70 0000000000000000
0x00007fff585d0bc0:   00007ff571e433f0 0000000000000000
0x00007fff585d0bd0:   0000000000000000 00007fffa57ff8a0
0x00007fff585d0be0:   00007fff585d1120 0000000000000001
0x00007fff585d0bf0:   0000000000000100 00007fffa5800e00
0x00007fff585d0c00:   00007fff585d1020 0000000000000000
0x00007fff585d0c10:   0000000000000100 00007fff8afe1500
0x00007fff585d0c20:   000000000000000d 00007ff571c305b0
0x00007fff585d0c30:   00007ff571c305b0 00007fffa5800e20
0x00007fff585d0c40:   00007ff571e0be30 0000000000000001
0x00007fff585d0c50:   00007fff585d12e0 00007fff8afe10c9
0x00007fff585d0c60:   00007fffa58f2c30 00007ff571c299b1
0x00007fff585d0c70:   0000000000000001 0000000000000000 

Instructions: (pc=0x000000011e8f8561)
0x000000011e8f8541:   48 89 e5 41 56 53 48 8d 05 72 26 03 00 48 83 38
0x000000011e8f8551:   00 48 89 fb 75 72 48 8d 05 6a 25 03 00 48 8b 30
0x000000011e8f8561:   48 8b 03 48 8d 15 74 9a 01 00 48 8d 0d 2e 70 01
0x000000011e8f8571:   00 48 89 df ff 90 88 03 00 00 48 8d 0d 3e 26 03 

Register to memory mapping:

RAX=0x000000011e92aac8: jScreenClass+0 in /Library/Java/JavaVirtualMachines/jdk1.8.0_40.jdk/Contents/Home/jre/lib/libglass.dylib at 0x000000011e8e3000
RBX=0x0000000000000000 is an unknown value
RCX=0x0000000000000103 is an unknown value
RDX=0x0000000000012068 is an unknown value
RSP=0x00007fff585d0a80 is an unknown value
RBP=0x00007fff585d0a90 is an unknown value
RSI=0x00007ff571c0b480 is a global jni handle
RDI=0x0000000000000000 is an unknown value
R8 =0x0000000000000040 is an unknown value
R9 =0x00007fffa8de2040: __sFX+0x1c0 in /usr/lib/system/libsystem_c.dylib at 0x00007fffa0113000
R10=0xffffffffffffffff is an unknown value
R11=0x0000000000012068 is an unknown value
R12=0x0000000000000000 is an unknown value
R13=0x00007ff571e48920 is an unknown value
R14=0x00007ff574566530 is an unknown value
R15=0x0000000000000000 is an unknown value


Stack: [0x00007fff57dd4000,0x00007fff585d4000],  sp=0x00007fff585d0a80,  free space=8178k
Native frames: (J=compiled Java code, j=interpreted, Vv=VM code, C=native code)
C  [libglass.dylib+0x15561]  GlassScreenDidChangeScreenParameters+0x21
C  [CoreFoundation+0x9d59c]  __CFNOTIFICATIONCENTER_IS_CALLING_OUT_TO_AN_OBSERVER__+0xc
C  [CoreFoundation+0x9d49b]  _CFXRegistrationPost+0x1ab
C  [CoreFoundation+0x9d202]  ___CFXNotificationPost_block_invoke+0x32
C  [CoreFoundation+0x5a903]  -[_CFXNotificationRegistrar find:object:observer:enumerator:]+0x723
C  [CoreFoundation+0x5993c]  _CFXNotificationPost+0x25c
C  [Foundation+0x70e3]  -[NSNotificationCenter postNotificationName:object:userInfo:]+0x42
C  [AppKit+0x3f01c6]  -[NSApplication _reactToScreenInvalidationImmediately:]+0x18f
C  [AppKit+0x3f0003]  __44-[NSApplication _reactToScreenInvalidation:]_block_invoke+0x3b
C  [CoreFoundation+0xa730c]  __CFRUNLOOP_IS_CALLING_OUT_TO_A_BLOCK__+0xc
C  [CoreFoundation+0x88384]  __CFRunLoopDoBlocks+0x164
C  [CoreFoundation+0x87ec6]  __CFRunLoopRun+0x756
C  [CoreFoundation+0x87514]  CFRunLoopRunSpecific+0x1a4
C  [java+0x6490]  CreateExecutionEnvironment+0x367
C  [java+0x221c]  JLI_Launch+0x7a0
C  [java+0x84ed]  main+0x65
C  [java+0x1a74]  start+0x34


---------------  P R O C E S S  ---------------

VM state:at safepoint (shutting down)

VM Mutex/Monitor currently owned by a thread:  ([mutex/lock_event])
[0x00007ff571c02bf0] Threads_lock - owner thread: 0x00007ff572003800

Heap:
 PSYoungGen      total 26112K, used 9084K [0x00000007aab00000, 0x00000007ad000000, 0x00000007c0000000)
  eden space 23552K, 27% used [0x00000007aab00000,0x00000007ab162688,0x00000007ac200000)
  from space 2560K, 99% used [0x00000007acd80000,0x00000007acffca80,0x00000007ad000000)
  to   space 2560K, 0% used [0x00000007acb00000,0x00000007acb00000,0x00000007acd80000)
 ParOldGen       total 38912K, used 9623K [0x0000000780000000, 0x0000000782600000, 0x00000007aab00000)
  object space 38912K, 24% used [0x0000000780000000,0x0000000780965c90,0x0000000782600000)
 Metaspace       used 24672K, capacity 25966K, committed 26240K, reserved 1071104K
  class space    used 3358K, capacity 3642K, committed 3712K, reserved 1048576K

Card table byte_map: [0x0000000109329000,0x000000010952a000] byte_map_base: 0x0000000105729000

Marking Bits: (ParMarkBitMap*) 0x00000001088c27a0
 Begin Bits: [0x0000000109680000, 0x000000010a680000)
 End Bits:   [0x000000010a680000, 0x000000010b680000)

Polling page: 0x00000001076ec000

CodeCache: size=245760Kb used=8837Kb max_used=8841Kb free=236922Kb
 bounds [0x000000010becb000, 0x000000010c77b000, 0x000000011aecb000]
 total_blobs=3573 nmethods=2850 adapters=635
 compilation: enabled

Compilation events (10 events):
Event: 67.461 Thread 0x00007ff57284f800 nmethod 2860 0x000000010c73ead0 code [0x000000010c73ec40, 0x000000010c73ee10]
Event: 67.462 Thread 0x00007ff57284f800 2861       3       java.util.concurrent.locks.ReentrantLock$NonfairSync::lock (25 bytes)
Event: 67.463 Thread 0x00007ff57284f800 nmethod 2861 0x000000010c7706d0 code [0x000000010c7708a0, 0x000000010c7710d8]
Event: 67.463 Thread 0x00007ff57284f800 2862       1       com.sun.glass.ui.InvokeLaterDispatcher$Future::isDone (5 bytes)
Event: 67.463 Thread 0x00007ff57284f800 nmethod 2862 0x000000010c73e810 code [0x000000010c73e960, 0x000000010c73ea70]
Event: 67.463 Thread 0x00007ff57284f800 2863       3       java.util.concurrent.locks.ReentrantLock::lock (8 bytes)
Event: 67.463 Thread 0x00007ff57284f800 nmethod 2863 0x000000010c73e3d0 code [0x000000010c73e540, 0x000000010c73e768]
Event: 67.469 Thread 0x00007ff57284f800 2864       1       java.util.logging.LogManager::access$500 (5 bytes)
Event: 67.469 Thread 0x00007ff57284f800 nmethod 2864 0x000000010c73e110 code [0x000000010c73e260, 0x000000010c73e350]
Event: 67.469 Thread 0x00007ff57284f800 2865   !   3       java.util.logging.LogManager::ensureLogManagerInitialized (128 bytes)

GC Heap History (10 events):
Event: 0.723 GC heap before
{Heap before GC invocations=1 (full 0):
 PSYoungGen      total 18944K, used 16384K [0x00000007aab00000, 0x00000007ac000000, 0x00000007c0000000)
  eden space 16384K, 100% used [0x00000007aab00000,0x00000007abb00000,0x00000007abb00000)
  from space 2560K, 0% used [0x00000007abd80000,0x00000007abd80000,0x00000007ac000000)
  to   space 2560K, 0% used [0x00000007abb00000,0x00000007abb00000,0x00000007abd80000)
 ParOldGen       total 44032K, used 0K [0x0000000780000000, 0x0000000782b00000, 0x00000007aab00000)
  object space 44032K, 0% used [0x0000000780000000,0x0000000780000000,0x0000000782b00000)
 Metaspace       used 9087K, capacity 9470K, committed 9728K, reserved 1058816K
  class space    used 1108K, capacity 1231K, committed 1280K, reserved 1048576K
Event: 0.729 GC heap after
Heap after GC invocations=1 (full 0):
 PSYoungGen      total 18944K, used 2544K [0x00000007aab00000, 0x00000007ac000000, 0x00000007c0000000)
  eden space 16384K, 0% used [0x00000007aab00000,0x00000007aab00000,0x00000007abb00000)
  from space 2560K, 99% used [0x00000007abb00000,0x00000007abd7c030,0x00000007abd80000)
  to   space 2560K, 0% used [0x00000007abd80000,0x00000007abd80000,0x00000007ac000000)
 ParOldGen       total 44032K, used 304K [0x0000000780000000, 0x0000000782b00000, 0x00000007aab00000)
  object space 44032K, 0% used [0x0000000780000000,0x000000078004c010,0x0000000782b00000)
 Metaspace       used 9087K, capacity 9470K, committed 9728K, reserved 1058816K
  class space    used 1108K, capacity 1231K, committed 1280K, reserved 1048576K
}
Event: 1.594 GC heap before
{Heap before GC invocations=2 (full 0):
 PSYoungGen      total 18944K, used 18928K [0x00000007aab00000, 0x00000007ac000000, 0x00000007c0000000)
  eden space 16384K, 100% used [0x00000007aab00000,0x00000007abb00000,0x00000007abb00000)
  from space 2560K, 99% used [0x00000007abb00000,0x00000007abd7c030,0x00000007abd80000)
  to   space 2560K, 0% used [0x00000007abd80000,0x00000007abd80000,0x00000007ac000000)
 ParOldGen       total 44032K, used 304K [0x0000000780000000, 0x0000000782b00000, 0x00000007aab00000)
  object space 44032K, 0% used [0x0000000780000000,0x000000078004c010,0x0000000782b00000)
 Metaspace       used 17120K, capacity 17532K, committed 17664K, reserved 1064960K
  class space    used 2117K, capacity 2231K, committed 2304K, reserved 1048576K
Event: 1.601 GC heap after
Heap after GC invocations=2 (full 0):
 PSYoungGen      total 18944K, used 2544K [0x00000007aab00000, 0x00000007ac000000, 0x00000007c0000000)
  eden space 16384K, 0% used [0x00000007aab00000,0x00000007aab00000,0x00000007abb00000)
  from space 2560K, 99% used [0x00000007abd80000,0x00000007abffc030,0x00000007ac000000)
  to   space 2560K, 0% used [0x00000007abb00000,0x00000007abb00000,0x00000007abd80000)
 ParOldGen       total 44032K, used 3975K [0x0000000780000000, 0x0000000782b00000, 0x00000007aab00000)
  object space 44032K, 9% used [0x0000000780000000,0x00000007803e1ed0,0x0000000782b00000)
 Metaspace       used 17120K, capacity 17532K, committed 17664K, reserved 1064960K
  class space    used 2117K, capacity 2231K, committed 2304K, reserved 1048576K
}
Event: 1.952 GC heap before
{Heap before GC invocations=3 (full 0):
 PSYoungGen      total 18944K, used 11850K [0x00000007aab00000, 0x00000007ac000000, 0x00000007c0000000)
  eden space 16384K, 56% used [0x00000007aab00000,0x00000007ab416850,0x00000007abb00000)
  from space 2560K, 99% used [0x00000007abd80000,0x00000007abffc030,0x00000007ac000000)
  to   space 2560K, 0% used [0x00000007abb00000,0x00000007abb00000,0x00000007abd80000)
 ParOldGen       total 44032K, used 3975K [0x0000000780000000, 0x0000000782b00000, 0x00000007aab00000)
  object space 44032K, 9% used [0x0000000780000000,0x00000007803e1ed0,0x0000000782b00000)
 Metaspace       used 20596K, capacity 21276K, committed 21296K, reserved 1067008K
  class space    used 2762K, capacity 2943K, committed 2944K, reserved 1048576K
Event: 1.961 GC heap after
Heap after GC invocations=3 (full 0):
 PSYoungGen      total 18944K, used 2528K [0x00000007aab00000, 0x00000007ad000000, 0x00000007c0000000)
  eden space 16384K, 0% used [0x00000007aab00000,0x00000007aab00000,0x00000007abb00000)
  from space 2560K, 98% used [0x00000007abb00000,0x00000007abd78020,0x00000007abd80000)
  to   space 2560K, 0% used [0x00000007acd80000,0x00000007acd80000,0x00000007ad000000)
 ParOldGen       total 44032K, used 4939K [0x0000000780000000, 0x0000000782b00000, 0x00000007aab00000)
  object space 44032K, 11% used [0x0000000780000000,0x00000007804d2e68,0x0000000782b00000)
 Metaspace       used 20596K, capacity 21276K, committed 21296K, reserved 1067008K
  class space    used 2762K, capacity 2943K, committed 2944K, reserved 1048576K
}
Event: 1.961 GC heap before
{Heap before GC invocations=4 (full 1):
 PSYoungGen      total 18944K, used 2528K [0x00000007aab00000, 0x00000007ad000000, 0x00000007c0000000)
  eden space 16384K, 0% used [0x00000007aab00000,0x00000007aab00000,0x00000007abb00000)
  from space 2560K, 98% used [0x00000007abb00000,0x00000007abd78020,0x00000007abd80000)
  to   space 2560K, 0% used [0x00000007acd80000,0x00000007acd80000,0x00000007ad000000)
 ParOldGen       total 44032K, used 4939K [0x0000000780000000, 0x0000000782b00000, 0x00000007aab00000)
  object space 44032K, 11% used [0x0000000780000000,0x00000007804d2e68,0x0000000782b00000)
 Metaspace       used 20596K, capacity 21276K, committed 21296K, reserved 1067008K
  class space    used 2762K, capacity 2943K, committed 2944K, reserved 1048576K
Event: 2.015 GC heap after
Heap after GC invocations=4 (full 1):
 PSYoungGen      total 18944K, used 0K [0x00000007aab00000, 0x00000007ad000000, 0x00000007c0000000)
  eden space 16384K, 0% used [0x00000007aab00000,0x00000007aab00000,0x00000007abb00000)
  from space 2560K, 0% used [0x00000007abb00000,0x00000007abb00000,0x00000007abd80000)
  to   space 2560K, 0% used [0x00000007acd80000,0x00000007acd80000,0x00000007ad000000)
 ParOldGen       total 38912K, used 7184K [0x0000000780000000, 0x0000000782600000, 0x00000007aab00000)
  object space 38912K, 18% used [0x0000000780000000,0x0000000780704020,0x0000000782600000)
 Metaspace       used 20596K, capacity 21276K, committed 21296K, reserved 1067008K
  class space    used 2762K, capacity 2943K, committed 2944K, reserved 1048576K
}
Event: 3.618 GC heap before
{Heap before GC invocations=5 (full 1):
 PSYoungGen      total 18944K, used 16384K [0x00000007aab00000, 0x00000007ad000000, 0x00000007c0000000)
  eden space 16384K, 100% used [0x00000007aab00000,0x00000007abb00000,0x00000007abb00000)
  from space 2560K, 0% used [0x00000007abb00000,0x00000007abb00000,0x00000007abd80000)
  to   space 2560K, 0% used [0x00000007acd80000,0x00000007acd80000,0x00000007ad000000)
 ParOldGen       total 38912K, used 7184K [0x0000000780000000, 0x0000000782600000, 0x00000007aab00000)
  object space 38912K, 18% used [0x0000000780000000,0x0000000780704020,0x0000000782600000)
 Metaspace       used 23340K, capacity 24438K, committed 24704K, reserved 1071104K
  class space    used 3173K, capacity 3382K, committed 3456K, reserved 1048576K
Event: 3.684 GC heap after
Heap after GC invocations=5 (full 1):
 PSYoungGen      total 26112K, used 2546K [0x00000007aab00000, 0x00000007ad000000, 0x00000007c0000000)
  eden space 23552K, 0% used [0x00000007aab00000,0x00000007aab00000,0x00000007ac200000)
  from space 2560K, 99% used [0x00000007acd80000,0x00000007acffca80,0x00000007ad000000)
  to   space 2560K, 0% used [0x00000007acb00000,0x00000007acb00000,0x00000007acd80000)
 ParOldGen       total 38912K, used 9623K [0x0000000780000000, 0x0000000782600000, 0x00000007aab00000)
  object space 38912K, 24% used [0x0000000780000000,0x0000000780965c90,0x0000000782600000)
 Metaspace       used 23340K, capacity 24438K, committed 24704K, reserved 1071104K
  class space    used 3173K, capacity 3382K, committed 3456K, reserved 1048576K
}

Deoptimization events (10 events):
Event: 3.265 Thread 0x00007ff57383f000 Uncommon trap: reason=class_check action=maybe_recompile pc=0x000000010c4e3210 method=java.util.WeakHashMap.eq(Ljava/lang/Object;Ljava/lang/Object;)Z @ 7
Event: 4.263 Thread 0x00007ff573877800 Uncommon trap: reason=unstable_if action=reinterpret pc=0x000000010c30b0f4 method=jdk.internal.org.objectweb.asm.Type.getArgumentsAndReturnSizes(Ljava/lang/String;)I @ 47
Event: 4.381 Thread 0x00007ff573877800 Uncommon trap: reason=unstable_if action=reinterpret pc=0x000000010c506098 method=com.sun.javafx.css.SimpleSelector.applies(Ljavafx/css/Styleable;)Z @ 7
Event: 4.389 Thread 0x00007ff573877800 Uncommon trap: reason=unstable_if action=reinterpret pc=0x000000010c602934 method=java.lang.StrictMath.floorOrCeil(DDDD)D @ 38
Event: 4.404 Thread 0x00007ff573877800 Uncommon trap: reason=unstable_if action=reinterpret pc=0x000000010c51897c method=com.sun.javafx.css.StyleManager$CacheContainer.getStyleMap(I)Lcom/sun/javafx/css/StyleMap; @ 9
Event: 4.405 Thread 0x00007ff573877800 Uncommon trap: reason=unstable_if action=reinterpret pc=0x000000010c4f3398 method=com.sun.javafx.css.StyleManager$CacheContainer.getStyleMap(I)Lcom/sun/javafx/css/StyleMap; @ 9
Event: 4.405 Thread 0x00007ff573877800 Uncommon trap: reason=unstable_if action=reinterpret pc=0x000000010c4cb398 method=javafx.scene.CssStyleHelper.lookup(Ljavafx/css/Styleable;Ljavafx/css/CssMetaData;Lcom/sun/javafx/css/StyleMap;Ljava/util/Set;Ljavafx/css/Styleable;Lcom/sun/javafx/css/Calcul
Event: 4.448 Thread 0x00007ff573877800 Uncommon trap: reason=bimorphic action=maybe_recompile pc=0x000000010c4f7018 method=javafx.beans.property.BooleanPropertyBase.get()Z @ 23
Event: 4.537 Thread 0x00007ff573877800 Uncommon trap: reason=bimorphic action=maybe_recompile pc=0x000000010c4f7018 method=javafx.beans.property.BooleanPropertyBase.get()Z @ 23
Event: 4.538 Thread 0x00007ff573877800 Uncommon trap: reason=bimorphic action=maybe_recompile pc=0x000000010c4f7018 method=javafx.beans.property.BooleanPropertyBase.get()Z @ 23

Internal exceptions (10 events):
Event: 0.929 Thread 0x00007ff573877800 Exception <a 'java/lang/ArrayIndexOutOfBoundsException'> (0x00000007ab0eb660) thrown at [/Users/java_re/workspace/8-2-build-macosx-x86_64/jdk8u40/3153/hotspot/src/share/vm/runtime/sharedRuntime.cpp, line 605]
Event: 1.705 Thread 0x00007ff573877800 Implicit null exception at 0x000000010c1464b5 to 0x000000010c1466b1
Event: 1.705 Thread 0x00007ff573877800 Implicit null exception at 0x000000010c2707bb to 0x000000010c2711a9
Event: 1.816 Thread 0x00007ff573877800 Exception <a 'java/io/FileNotFoundException'> (0x00000007aafc43f0) thrown at [/Users/java_re/workspace/8-2-build-macosx-x86_64/jdk8u40/3153/hotspot/src/share/vm/prims/jni.cpp, line 709]
Event: 1.844 Thread 0x00007ff573877800 Implicit null exception at 0x000000010c1da8ef to 0x000000010c1da959
Event: 2.703 Thread 0x00007ff573877800 Implicit null exception at 0x000000010c402db8 to 0x000000010c4033f9
Event: 2.719 Thread 0x00007ff573877800 Implicit null exception at 0x000000010c3f0451 to 0x000000010c3f09f1
Event: 4.393 Thread 0x00007ff573877800 Exception <a 'java/io/FileNotFoundException'> (0x00000007aad9bd30) thrown at [/Users/java_re/workspace/8-2-build-macosx-x86_64/jdk8u40/3153/hotspot/src/share/vm/prims/jni.cpp, line 709]
Event: 5.937 Thread 0x00007ff573877800 Exception <a 'java/lang/NullPointerException'> (0x00000007aaefc8f0) thrown at [/Users/java_re/workspace/8-2-build-macosx-x86_64/jdk8u40/3153/hotspot/src/share/vm/interpreter/linkResolver.cpp, line 1178]
Event: 5.937 Thread 0x00007ff573877800 Exception <a 'java/lang/NullPointerException'> (0x00000007aaefc8f0) thrown at [/Users/java_re/workspace/8-2-build-macosx-x86_64/jdk8u40/3153/hotspot/src/share/vm/prims/jvm.cpp, line 1386]

Events (10 events):
Event: 67.467 Thread 0x00007ff573877800 Thread exited: 0x00007ff573877800
Event: 67.468 Thread 0x00007ff573805000 Thread exited: 0x00007ff573805000
Event: 67.468 Thread 0x00007ff578801800 Thread added: 0x00007ff578801800
Event: 67.468 loading class java/util/IdentityHashMap$KeyIterator
Event: 67.468 loading class java/util/IdentityHashMap$IdentityHashMapIterator
Event: 67.468 loading class java/util/IdentityHashMap$IdentityHashMapIterator done
Event: 67.468 loading class java/util/IdentityHashMap$KeyIterator done
Event: 67.468 Thread 0x00007ff578802800 Thread added: 0x00007ff578802800
Event: 67.469 Thread 0x00007ff578802800 Thread exited: 0x00007ff578802800
Event: 67.469 Thread 0x00007ff578801800 Thread exited: 0x00007ff578801800


Dynamic libraries:
0x0000000015dfe000 	/System/Library/Frameworks/Cocoa.framework/Versions/A/Cocoa
0x0000000015dfe000 	/System/Library/Frameworks/Security.framework/Versions/A/Security
0x0000000015dfe000 	/System/Library/Frameworks/ApplicationServices.framework/Versions/A/ApplicationServices
0x0000000015dfe000 	/usr/lib/libz.1.dylib
0x0000000015dfe000 	/usr/lib/libSystem.B.dylib
0x0000000015dfe000 	/usr/lib/libobjc.A.dylib
0x0000000015dfe000 	/System/Library/Frameworks/CoreFoundation.framework/Versions/A/CoreFoundation
0x0000000015dfe000 	/System/Library/Frameworks/Foundation.framework/Versions/C/Foundation
0x0000000015dfe000 	/System/Library/Frameworks/AppKit.framework/Versions/C/AppKit
0x0000000015dfe000 	/System/Library/Frameworks/CoreData.framework/Versions/A/CoreData
0x0000000015dfe000 	/System/Library/PrivateFrameworks/RemoteViewServices.framework/Versions/A/RemoteViewServices
0x0000000015dfe000 	/System/Library/PrivateFrameworks/UIFoundation.framework/Versions/A/UIFoundation
0x0000000015dfe000 	/usr/lib/libenergytrace.dylib
0x0000000015dfe000 	/System/Library/PrivateFrameworks/SkyLight.framework/Versions/A/SkyLight
0x0000000015dfe000 	/System/Library/Frameworks/CoreGraphics.framework/Versions/A/CoreGraphics
0x0000000015dfe000 	/usr/lib/libScreenReader.dylib
0x0000000015dfe000 	/System/Library/Frameworks/Accelerate.framework/Versions/A/Accelerate
0x0000000015dfe000 	/System/Library/Frameworks/IOSurface.framework/Versions/A/IOSurface
0x0000000015dfe000 	/System/Library/Frameworks/AudioToolbox.framework/Versions/A/AudioToolbox
0x0000000015dfe000 	/System/Library/Frameworks/AudioUnit.framework/Versions/A/AudioUnit
0x0000000015dfe000 	/System/Library/PrivateFrameworks/DataDetectorsCore.framework/Versions/A/DataDetectorsCore
0x0000000015dfe000 	/System/Library/PrivateFrameworks/DesktopServicesPriv.framework/Versions/A/DesktopServicesPriv
0x0000000015dfe000 	/System/Library/Frameworks/Carbon.framework/Versions/A/Frameworks/HIToolbox.framework/Versions/A/HIToolbox
0x0000000015dfe000 	/usr/lib/libicucore.A.dylib
0x0000000015dfe000 	/System/Library/Frameworks/QuartzCore.framework/Versions/A/QuartzCore
0x0000000015dfe000 	/System/Library/Frameworks/Carbon.framework/Versions/A/Frameworks/SpeechRecognition.framework/Versions/A/SpeechRecognition
0x0000000015dfe000 	/usr/lib/libauto.dylib
0x0000000015dfe000 	/usr/lib/libxml2.2.dylib
0x0000000015dfe000 	/System/Library/PrivateFrameworks/CoreUI.framework/Versions/A/CoreUI
0x0000000015dfe000 	/System/Library/Frameworks/CoreAudio.framework/Versions/A/CoreAudio
0x0000000015dfe000 	/System/Library/Frameworks/DiskArbitration.framework/Versions/A/DiskArbitration
0x0000000015dfe000 	/usr/lib/liblangid.dylib
0x0000000015dfe000 	/System/Library/PrivateFrameworks/MultitouchSupport.framework/Versions/A/MultitouchSupport
0x0000000015dfe000 	/System/Library/Frameworks/IOKit.framework/Versions/A/IOKit
0x0000000015dfe000 	/usr/lib/libDiagnosticMessagesClient.dylib
0x0000000015dfe000 	/System/Library/Frameworks/CoreServices.framework/Versions/A/CoreServices
0x0000000015dfe000 	/System/Library/PrivateFrameworks/PerformanceAnalysis.framework/Versions/A/PerformanceAnalysis
0x0000000015dfe000 	/System/Library/PrivateFrameworks/GenerationalStorage.framework/Versions/A/GenerationalStorage
0x0000000015dfe000 	/System/Library/Frameworks/OpenGL.framework/Versions/A/OpenGL
0x0000000015dfe000 	/System/Library/Frameworks/CoreImage.framework/Versions/A/CoreImage
0x0000000015dfe000 	/System/Library/Frameworks/CoreText.framework/Versions/A/CoreText
0x0000000015dfe000 	/System/Library/Frameworks/ImageIO.framework/Versions/A/ImageIO
0x0000000015dfe000 	/System/Library/PrivateFrameworks/Backup.framework/Versions/A/Backup
0x0000000015dfe000 	/usr/lib/libarchive.2.dylib
0x0000000015dfe000 	/System/Library/Frameworks/CFNetwork.framework/Versions/A/CFNetwork
0x0000000015dfe000 	/System/Library/Frameworks/SystemConfiguration.framework/Versions/A/SystemConfiguration
0x0000000015dfe000 	/usr/lib/libCRFSuite.dylib
0x0000000015dfe000 	/usr/lib/libc++.1.dylib
0x0000000015dfe000 	/usr/lib/libc++abi.dylib
0x0000000015dfe000 	/usr/lib/system/libcache.dylib
0x0000000015dfe000 	/usr/lib/system/libcommonCrypto.dylib
0x0000000015dfe000 	/usr/lib/system/libcompiler_rt.dylib
0x0000000015dfe000 	/usr/lib/system/libcopyfile.dylib
0x0000000015dfe000 	/usr/lib/system/libcorecrypto.dylib
0x0000000015dfe000 	/usr/lib/system/libdispatch.dylib
0x0000000015dfe000 	/usr/lib/system/libdyld.dylib
0x0000000015dfe000 	/usr/lib/system/libkeymgr.dylib
0x0000000015dfe000 	/usr/lib/system/liblaunch.dylib
0x0000000015dfe000 	/usr/lib/system/libmacho.dylib
0x0000000015dfe000 	/usr/lib/system/libquarantine.dylib
0x0000000015dfe000 	/usr/lib/system/libremovefile.dylib
0x0000000015dfe000 	/usr/lib/system/libsystem_asl.dylib
0x0000000015dfe000 	/usr/lib/system/libsystem_blocks.dylib
0x0000000015dfe000 	/usr/lib/system/libsystem_c.dylib
0x0000000015dfe000 	/usr/lib/system/libsystem_configuration.dylib
0x0000000015dfe000 	/usr/lib/system/libsystem_coreservices.dylib
0x0000000015dfe000 	/usr/lib/system/libsystem_coretls.dylib
0x0000000015dfe000 	/usr/lib/system/libsystem_dnssd.dylib
0x0000000015dfe000 	/usr/lib/system/libsystem_info.dylib
0x0000000015dfe000 	/usr/lib/system/libsystem_kernel.dylib
0x0000000015dfe000 	/usr/lib/system/libsystem_m.dylib
0x0000000015dfe000 	/usr/lib/system/libsystem_malloc.dylib
0x0000000015dfe000 	/usr/lib/system/libsystem_network.dylib
0x0000000015dfe000 	/usr/lib/system/libsystem_networkextension.dylib
0x0000000015dfe000 	/usr/lib/system/libsystem_notify.dylib
0x0000000015dfe000 	/usr/lib/system/libsystem_platform.dylib
0x0000000015dfe000 	/usr/lib/system/libsystem_pthread.dylib
0x0000000015dfe000 	/usr/lib/system/libsystem_sandbox.dylib
0x0000000015dfe000 	/usr/lib/system/libsystem_secinit.dylib
0x0000000015dfe000 	/usr/lib/system/libsystem_symptoms.dylib
0x0000000015dfe000 	/usr/lib/system/libsystem_trace.dylib
0x0000000015dfe000 	/usr/lib/system/libunwind.dylib
0x0000000015dfe000 	/usr/lib/system/libxpc.dylib
0x0000000015dfe000 	/usr/lib/libbsm.0.dylib
0x0000000015dfe000 	/usr/lib/system/libkxld.dylib
0x0000000015dfe000 	/usr/lib/libcoretls.dylib
0x0000000015dfe000 	/usr/lib/libcoretls_cfhelpers.dylib
0x0000000015dfe000 	/usr/lib/libxar.1.dylib
0x0000000015dfe000 	/usr/lib/libsqlite3.dylib
0x0000000015dfe000 	/usr/lib/libpam.2.dylib
0x0000000015dfe000 	/usr/lib/libOpenScriptingUtil.dylib
0x0000000015dfe000 	/usr/lib/libbz2.1.0.dylib
0x0000000015dfe000 	/usr/lib/liblzma.5.dylib
0x0000000015dfe000 	/usr/lib/libnetwork.dylib
0x0000000015dfe000 	/usr/lib/libpcap.A.dylib
0x0000000015dfe000 	/System/Library/Frameworks/CoreServices.framework/Versions/A/Frameworks/FSEvents.framework/Versions/A/FSEvents
0x0000000015dfe000 	/System/Library/Frameworks/CoreServices.framework/Versions/A/Frameworks/CarbonCore.framework/Versions/A/CarbonCore
0x0000000015dfe000 	/System/Library/Frameworks/CoreServices.framework/Versions/A/Frameworks/Metadata.framework/Versions/A/Metadata
0x0000000015dfe000 	/System/Library/Frameworks/CoreServices.framework/Versions/A/Frameworks/OSServices.framework/Versions/A/OSServices
0x0000000015dfe000 	/System/Library/Frameworks/CoreServices.framework/Versions/A/Frameworks/SearchKit.framework/Versions/A/SearchKit
0x0000000015dfe000 	/System/Library/Frameworks/CoreServices.framework/Versions/A/Frameworks/AE.framework/Versions/A/AE
0x0000000015dfe000 	/System/Library/Frameworks/CoreServices.framework/Versions/A/Frameworks/LaunchServices.framework/Versions/A/LaunchServices
0x0000000015dfe000 	/System/Library/Frameworks/CoreServices.framework/Versions/A/Frameworks/DictionaryServices.framework/Versions/A/DictionaryServices
0x0000000015dfe000 	/System/Library/Frameworks/CoreServices.framework/Versions/A/Frameworks/SharedFileList.framework/Versions/A/SharedFileList
0x0000000015dfe000 	/System/Library/Frameworks/NetFS.framework/Versions/A/NetFS
0x0000000015dfe000 	/System/Library/PrivateFrameworks/NetAuth.framework/Versions/A/NetAuth
0x0000000015dfe000 	/System/Library/PrivateFrameworks/login.framework/Versions/A/Frameworks/loginsupport.framework/Versions/A/loginsupport
0x0000000015dfe000 	/System/Library/PrivateFrameworks/TCC.framework/Versions/A/TCC
0x0000000015dfe000 	/usr/lib/libmecabra.dylib
0x0000000015dfe000 	/System/Library/Frameworks/ApplicationServices.framework/Versions/A/Frameworks/ATS.framework/Versions/A/ATS
0x0000000015dfe000 	/System/Library/Frameworks/ApplicationServices.framework/Versions/A/Frameworks/ColorSync.framework/Versions/A/ColorSync
0x0000000015dfe000 	/System/Library/Frameworks/ApplicationServices.framework/Versions/A/Frameworks/HIServices.framework/Versions/A/HIServices
0x0000000015dfe000 	/System/Library/Frameworks/ApplicationServices.framework/Versions/A/Frameworks/LangAnalysis.framework/Versions/A/LangAnalysis
0x0000000015dfe000 	/System/Library/Frameworks/ApplicationServices.framework/Versions/A/Frameworks/PrintCore.framework/Versions/A/PrintCore
0x0000000015dfe000 	/System/Library/Frameworks/ApplicationServices.framework/Versions/A/Frameworks/QD.framework/Versions/A/QD
0x0000000015dfe000 	/System/Library/Frameworks/ApplicationServices.framework/Versions/A/Frameworks/SpeechSynthesis.framework/Versions/A/SpeechSynthesis
0x0000000015dfe000 	/System/Library/Frameworks/Accelerate.framework/Versions/A/Frameworks/vImage.framework/Versions/A/vImage
0x0000000015dfe000 	/System/Library/Frameworks/Accelerate.framework/Versions/A/Frameworks/vecLib.framework/Versions/A/vecLib
0x0000000015dfe000 	/System/Library/Frameworks/Accelerate.framework/Versions/A/Frameworks/vecLib.framework/Versions/A/libvDSP.dylib
0x0000000015dfe000 	/System/Library/Frameworks/Accelerate.framework/Versions/A/Frameworks/vecLib.framework/Versions/A/libBNNS.dylib
0x0000000015dfe000 	/System/Library/Frameworks/Accelerate.framework/Versions/A/Frameworks/vecLib.framework/Versions/A/libQuadrature.dylib
0x0000000015dfe000 	/System/Library/Frameworks/Accelerate.framework/Versions/A/Frameworks/vecLib.framework/Versions/A/libvMisc.dylib
0x0000000015dfe000 	/System/Library/Frameworks/Accelerate.framework/Versions/A/Frameworks/vecLib.framework/Versions/A/libLAPACK.dylib
0x0000000015dfe000 	/System/Library/Frameworks/Accelerate.framework/Versions/A/Frameworks/vecLib.framework/Versions/A/libBLAS.dylib
0x0000000015dfe000 	/System/Library/Frameworks/Accelerate.framework/Versions/A/Frameworks/vecLib.framework/Versions/A/libLinearAlgebra.dylib
0x0000000015dfe000 	/System/Library/Frameworks/Accelerate.framework/Versions/A/Frameworks/vecLib.framework/Versions/A/libSparseBLAS.dylib
0x0000000015dfe000 	/System/Library/Frameworks/ApplicationServices.framework/Versions/A/Frameworks/ATS.framework/Versions/A/Resources/libFontParser.dylib
0x0000000015dfe000 	/System/Library/Frameworks/ApplicationServices.framework/Versions/A/Frameworks/ATS.framework/Versions/A/Resources/libFontRegistry.dylib
0x0000000015dfe000 	/System/Library/Frameworks/ImageIO.framework/Versions/A/Resources/libJPEG.dylib
0x0000000015dfe000 	/System/Library/Frameworks/ImageIO.framework/Versions/A/Resources/libTIFF.dylib
0x0000000015dfe000 	/System/Library/Frameworks/ImageIO.framework/Versions/A/Resources/libPng.dylib
0x0000000015dfe000 	/System/Library/Frameworks/ImageIO.framework/Versions/A/Resources/libGIF.dylib
0x0000000015dfe000 	/System/Library/Frameworks/ImageIO.framework/Versions/A/Resources/libJP2.dylib
0x0000000015dfe000 	/System/Library/Frameworks/ImageIO.framework/Versions/A/Resources/libRadiance.dylib
0x0000000015dfe000 	/usr/lib/libcompression.dylib
0x0000000015dfe000 	/System/Library/PrivateFrameworks/AppleJPEG.framework/Versions/A/AppleJPEG
0x0000000015dfe000 	/usr/lib/libcups.2.dylib
0x0000000015dfe000 	/System/Library/Frameworks/Kerberos.framework/Versions/A/Kerberos
0x0000000015dfe000 	/System/Library/Frameworks/GSS.framework/Versions/A/GSS
0x0000000015dfe000 	/usr/lib/libresolv.9.dylib
0x0000000015dfe000 	/usr/lib/libiconv.2.dylib
0x0000000015dfe000 	/System/Library/PrivateFrameworks/Heimdal.framework/Versions/A/Heimdal
0x0000000015dfe000 	/usr/lib/libheimdal-asn1.dylib
0x0000000015dfe000 	/System/Library/Frameworks/OpenDirectory.framework/Versions/A/OpenDirectory
0x0000000015dfe000 	/System/Library/PrivateFrameworks/CommonAuth.framework/Versions/A/CommonAuth
0x0000000015dfe000 	/System/Library/Frameworks/OpenDirectory.framework/Versions/A/Frameworks/CFOpenDirectory.framework/Versions/A/CFOpenDirectory
0x0000000015dfe000 	/System/Library/Frameworks/SecurityFoundation.framework/Versions/A/SecurityFoundation
0x0000000015dfe000 	/System/Library/PrivateFrameworks/LanguageModeling.framework/Versions/A/LanguageModeling
0x0000000015dfe000 	/usr/lib/libmarisa.dylib
0x0000000015dfe000 	/usr/lib/libChineseTokenizer.dylib
0x0000000015dfe000 	/usr/lib/libcmph.dylib
0x0000000015dfe000 	/System/Library/PrivateFrameworks/CoreEmoji.framework/Versions/A/CoreEmoji
0x0000000015dfe000 	/System/Library/Frameworks/ServiceManagement.framework/Versions/A/ServiceManagement
0x0000000015dfe000 	/usr/lib/libxslt.1.dylib
0x0000000015dfe000 	/System/Library/Frameworks/Carbon.framework/Versions/A/Frameworks/Ink.framework/Versions/A/Ink
0x0000000015dfe000 	/System/Library/PrivateFrameworks/TextureIO.framework/Versions/A/TextureIO
0x0000000015dfe000 	/System/Library/Frameworks/Metal.framework/Versions/A/Metal
0x0000000015dfe000 	/usr/lib/libate.dylib
0x0000000015dfe000 	/System/Library/PrivateFrameworks/GPUCompiler.framework/libmetal_timestamp.dylib
0x0000000015dfe000 	/System/Library/Frameworks/OpenGL.framework/Versions/A/Libraries/libCoreFSCache.dylib
0x0000000015dfe000 	/System/Library/PrivateFrameworks/IOAccelerator.framework/Versions/A/IOAccelerator
0x0000000015dfe000 	/System/Library/Frameworks/CoreVideo.framework/Versions/A/CoreVideo
0x0000000015dfe000 	/usr/lib/libFosl_dynamic.dylib
0x0000000015dfe000 	/System/Library/PrivateFrameworks/MetalPerformanceShaders.framework/Versions/A/MetalPerformanceShaders
0x0000000015dfe000 	/System/Library/PrivateFrameworks/FaceCore.framework/Versions/A/FaceCore
0x0000000015dfe000 	/System/Library/Frameworks/OpenCL.framework/Versions/A/OpenCL
0x0000000015dfe000 	/System/Library/Frameworks/OpenGL.framework/Versions/A/Libraries/libGLU.dylib
0x0000000015dfe000 	/System/Library/Frameworks/OpenGL.framework/Versions/A/Libraries/libGFXShared.dylib
0x0000000015dfe000 	/System/Library/Frameworks/OpenGL.framework/Versions/A/Libraries/libGL.dylib
0x0000000015dfe000 	/System/Library/Frameworks/OpenGL.framework/Versions/A/Libraries/libGLImage.dylib
0x0000000015dfe000 	/System/Library/Frameworks/OpenGL.framework/Versions/A/Libraries/libCVMSPluginSupport.dylib
0x0000000015dfe000 	/System/Library/Frameworks/OpenGL.framework/Versions/A/Libraries/libCoreVMClient.dylib
0x0000000015dfe000 	/System/Library/PrivateFrameworks/CrashReporterSupport.framework/Versions/A/CrashReporterSupport
0x0000000015dfe000 	/System/Library/PrivateFrameworks/Sharing.framework/Versions/A/Sharing
0x0000000015dfe000 	/System/Library/PrivateFrameworks/IconServices.framework/Versions/A/IconServices
0x0000000015dfe000 	/System/Library/PrivateFrameworks/ProtocolBuffer.framework/Versions/A/ProtocolBuffer
0x0000000015dfe000 	/System/Library/PrivateFrameworks/Apple80211.framework/Versions/A/Apple80211
0x0000000015dfe000 	/System/Library/Frameworks/CoreWLAN.framework/Versions/A/CoreWLAN
0x0000000015dfe000 	/System/Library/PrivateFrameworks/CoreUtils.framework/Versions/A/CoreUtils
0x0000000015dfe000 	/System/Library/Frameworks/IOBluetooth.framework/Versions/A/IOBluetooth
0x0000000015dfe000 	/System/Library/PrivateFrameworks/CoreWiFi.framework/Versions/A/CoreWiFi
0x0000000015dfe000 	/System/Library/Frameworks/CoreBluetooth.framework/Versions/A/CoreBluetooth
0x0000000015dfe000 	/System/Library/Frameworks/CoreDisplay.framework/Versions/A/CoreDisplay
0x0000000015dfe000 	/System/Library/PrivateFrameworks/IOPresentment.framework/Versions/A/IOPresentment
0x0000000015dfe000 	/System/Library/PrivateFrameworks/DebugSymbols.framework/Versions/A/DebugSymbols
0x0000000015dfe000 	/System/Library/PrivateFrameworks/CoreSymbolication.framework/Versions/A/CoreSymbolication
0x0000000015dfe000 	/System/Library/PrivateFrameworks/Symbolication.framework/Versions/A/Symbolication
0x0000000015dfe000 	/System/Library/PrivateFrameworks/AppleFSCompression.framework/Versions/A/AppleFSCompression
0x0000000015dfe000 	/System/Library/PrivateFrameworks/SpeechRecognitionCore.framework/Versions/A/SpeechRecognitionCore
0x0000000015dfe000 	/System/Library/PrivateFrameworks/ChunkingLibrary.framework/Versions/A/ChunkingLibrary
0x0000000108000000 	/Library/Java/JavaVirtualMachines/jdk1.8.0_40.jdk/Contents/Home/jre/lib/server/libjvm.dylib
0x0000000015dfe000 	/usr/lib/libstdc++.6.dylib
0x00000001076a9000 	/Library/Java/JavaVirtualMachines/jdk1.8.0_40.jdk/Contents/Home/jre/lib/libverify.dylib
0x00000001076b7000 	/Library/Java/JavaVirtualMachines/jdk1.8.0_40.jdk/Contents/Home/jre/lib/libjava.dylib
0x00000001076f6000 	/Library/Java/JavaVirtualMachines/jdk1.8.0_40.jdk/Contents/Home/jre/lib/libzip.dylib
0x000000011c30b000 	/System/Library/Frameworks/JavaVM.framework/Frameworks/JavaRuntimeSupport.framework/JavaRuntimeSupport
0x00000001077e8000 	/System/Library/Frameworks/JavaVM.framework/Versions/A/Frameworks/JavaNativeFoundation.framework/Versions/A/JavaNativeFoundation
0x000000011c325000 	/System/Library/Frameworks/JavaVM.framework/Versions/A/JavaVM
0x0000000015dfe000 	/System/Library/Frameworks/Carbon.framework/Versions/A/Carbon
0x000000011c332000 	/System/Library/PrivateFrameworks/JavaLaunching.framework/Versions/A/JavaLaunching
0x0000000015dfe000 	/System/Library/Frameworks/Carbon.framework/Versions/A/Frameworks/CommonPanels.framework/Versions/A/CommonPanels
0x0000000015dfe000 	/System/Library/Frameworks/Carbon.framework/Versions/A/Frameworks/Help.framework/Versions/A/Help
0x0000000015dfe000 	/System/Library/Frameworks/Carbon.framework/Versions/A/Frameworks/ImageCapture.framework/Versions/A/ImageCapture
0x0000000015dfe000 	/System/Library/Frameworks/Carbon.framework/Versions/A/Frameworks/OpenScripting.framework/Versions/A/OpenScripting
0x0000000015dfe000 	/System/Library/Frameworks/Carbon.framework/Versions/A/Frameworks/Print.framework/Versions/A/Print
0x0000000015dfe000 	/System/Library/Frameworks/Carbon.framework/Versions/A/Frameworks/SecurityHI.framework/Versions/A/SecurityHI
0x000000011dcce000 	/Library/Java/JavaVirtualMachines/jdk1.8.0_40.jdk/Contents/Home/jre/lib/libprism_es2.dylib
0x0000000015dfe000 	/System/Library/Frameworks/OpenGL.framework/Versions/A/Resources/GLEngine.bundle/GLEngine
0x0000000015dfe000 	/System/Library/Frameworks/OpenGL.framework/Versions/A/Libraries/libGLProgrammability.dylib
0x000000011dd31000 	/System/Library/Extensions/AppleIntelHD5000GraphicsGLDriver.bundle/Contents/MacOS/AppleIntelHD5000GraphicsGLDriver
0x0000000015dfe000 	/System/Library/PrivateFrameworks/GPUSupport.framework/Versions/A/Libraries/libGPUSupportMercury.dylib
0x0000000015dfe000 	/System/Library/Frameworks/OpenGL.framework/Versions/A/Resources/GLRendererFloat.bundle/GLRendererFloat
0x0000000015dfe000 	/System/Library/Frameworks/OpenCL.framework/Versions/A/Libraries/libcldcpuengine.dylib
0x0000000015dfe000 	/usr/lib/libcrypto.0.9.8.dylib
0x0000000015dfe000 	/System/Library/PrivateFrameworks/TrustEvaluationAgent.framework/Versions/A/TrustEvaluationAgent
0x000000011e8e3000 	/Library/Java/JavaVirtualMachines/jdk1.8.0_40.jdk/Contents/Home/jre/lib/libglass.dylib
0x0000000015dfe000 	/System/Library/PrivateFrameworks/CoreServicesInternal.framework/Versions/A/CoreServicesInternal
0x0000000015dfe000 	/System/Library/CoreServices/RawCamera.bundle/Contents/MacOS/RawCamera
0x0000000015dfe000 	/System/Library/Frameworks/Accelerate.framework/Versions/A/Frameworks/vImage.framework/Versions/A/Libraries/libCGInterfaces.dylib
0x0000000015dfe000 	/System/Library/PrivateFrameworks/FamilyControls.framework/Versions/A/FamilyControls
0x0000000015dfe000 	/System/Library/PrivateFrameworks/CommerceKit.framework/Versions/A/Frameworks/CommerceCore.framework/Versions/A/CommerceCore
0x0000000015dfe000 	/System/Library/PrivateFrameworks/SystemAdministration.framework/Versions/A/SystemAdministration
0x0000000015dfe000 	/System/Library/PrivateFrameworks/AppContainer.framework/Versions/A/AppContainer
0x0000000015dfe000 	/System/Library/PrivateFrameworks/SecCodeWrapper.framework/Versions/A/SecCodeWrapper
0x0000000015dfe000 	/System/Library/Frameworks/DirectoryService.framework/Versions/A/DirectoryService
0x0000000015dfe000 	/System/Library/PrivateFrameworks/DiskImages.framework/Versions/A/DiskImages
0x0000000015dfe000 	/System/Library/PrivateFrameworks/LoginUIKit.framework/Versions/A/Frameworks/LoginUICore.framework/Versions/A/LoginUICore
0x0000000015dfe000 	/usr/lib/libCoreStorage.dylib
0x0000000015dfe000 	/usr/lib/libcsfde.dylib
0x0000000015dfe000 	/usr/lib/libodfde.dylib
0x0000000015dfe000 	/System/Library/Frameworks/DiscRecording.framework/Versions/A/DiscRecording
0x0000000015dfe000 	/usr/lib/libcurl.4.dylib
0x0000000015dfe000 	/System/Library/PrivateFrameworks/MediaKit.framework/Versions/A/MediaKit
0x0000000015dfe000 	/System/Library/PrivateFrameworks/ProtectedCloudStorage.framework/Versions/A/ProtectedCloudStorage
0x0000000015dfe000 	/System/Library/PrivateFrameworks/EFILogin.framework/Versions/A/EFILogin
0x0000000015dfe000 	/usr/lib/libutil.dylib
0x0000000015dfe000 	/System/Library/Frameworks/LDAP.framework/Versions/A/LDAP
0x0000000015dfe000 	/usr/lib/libsasl2.2.dylib
0x0000000015dfe000 	/System/Library/PrivateFrameworks/CoreDaemon.framework/Versions/B/CoreDaemon
0x0000000015dfe000 	/System/Library/PrivateFrameworks/AppleSRP.framework/Versions/A/AppleSRP
0x0000000015dfe000 	/System/Library/PrivateFrameworks/APFS.framework/Versions/A/APFS
0x000000011ec8c000 	/Library/Java/JavaVirtualMachines/jdk1.8.0_40.jdk/Contents/Home/jre/lib/libjavafx_font.dylib
0x000000012150e000 	/Library/Java/JavaVirtualMachines/jdk1.8.0_40.jdk/Contents/Home/jre/lib/libmanagement.dylib
0x000000012151b000 	/Library/Java/JavaVirtualMachines/jdk1.8.0_40.jdk/Contents/Home/jre/lib/libnet.dylib
0x000000012157a000 	/Library/Java/JavaVirtualMachines/jdk1.8.0_40.jdk/Contents/Home/jre/lib/libnio.dylib
0x0000000015dfe000 	/System/Library/Frameworks/ApplicationServices.framework/Versions/A/Frameworks/ATS.framework/Versions/A/Resources/libTrueTypeScaler.dylib
0x0000000124847000 	/System/Library/Extensions/AppleIntelHD5000GraphicsMTLDriver.bundle/Contents/MacOS/AppleIntelHD5000GraphicsMTLDriver
0x0000000015dfe000 	/System/Library/PrivateFrameworks/ViewBridge.framework/Versions/A/ViewBridge
0x0000000015dfe000 	/System/Library/PrivateFrameworks/XPCService.framework/Versions/A/XPCService
0x0000000015dfe000 	/System/Library/PrivateFrameworks/AppSandbox.framework/Versions/A/AppSandbox
0x0000000015dfe000 	/usr/lib/libsandbox.1.dylib
0x0000000015dfe000 	/usr/lib/libMatch.1.dylib
0x00000001216e7000 	/Library/Java/JavaVirtualMachines/jdk1.8.0_40.jdk/Contents/Home/jre/lib/libprism_common.dylib

VM Arguments:
jvm_args: -Dfile.encoding=UTF-8 
java_command: application.Main
java_class_path (initial): /Users/yotti/JAVAFX/Firstprojekt/bin:/Users/yotti/Downloads/Eclipse.app/Contents/Eclipse/plugins/org.eclipse.fx.ide.css.jfx8_2.4.0.201605112122.jar:/Users/yotti/Downloads/ojdbc6.jar
Launcher Type: SUN_STANDARD

Environment Variables:
PATH=/usr/bin:/bin:/usr/sbin:/sbin
SHELL=/bin/bash
DISPLAY=/private/tmp/com.apple.launchd.JcCAKFp37h/org.macosforge.xquartz:0

Signal Handlers:
SIGSEGV: 